{"contracts/CEtches.sol":{"l":{"43":3,"52":4,"53":4,"55":4,"57":4,"65":4,"77":0,"79":0,"81":0,"83":0,"95":4,"96":4,"98":1,"99":1,"100":1,"102":1,"114":6,"119":3,"120":3,"122":3,"123":3,"124":3,"136":4,"153":0,"154":0,"165":0,"166":0,"179":0,"180":0,"191":5,"192":1,"194":4,"195":4,"196":4,"198":5,"210":1,"219":0,"230":32,"234":32,"252":5,"259":2,"260":2,"261":2,"266":2},"path":"/Users/brieyla/Desktop/etched/etched/sol/contracts/CEtches.sol","s":{"1":4,"2":4,"3":4,"4":4,"5":0,"6":0,"7":4,"8":4,"9":1,"10":1,"11":1,"12":1,"13":6,"14":3,"15":3,"16":3,"17":3,"18":4,"19":0,"20":0,"21":0,"22":0,"23":0,"24":5,"25":4,"26":4,"27":5,"28":1,"29":0,"30":32,"31":32,"32":23,"33":9,"34":5,"35":3,"36":2,"37":2,"38":2,"39":0,"40":2},"b":{"1":[0,0],"2":[4,0],"3":[1,0],"4":[3,3],"5":[0,0],"6":[0,0],"7":[1,4],"8":[4,0],"9":[23,9],"10":[3,2],"11":[0,0],"12":[0,3],"13":[0,2]},"f":{"1":3,"2":4,"3":0,"4":4,"5":6,"6":4,"7":0,"8":0,"9":0,"10":5,"11":1,"12":0,"13":32,"14":5},"fnMap":{"1":{"name":"constructor","line":42,"loc":{"start":{"line":42,"column":4},"end":{"line":44,"column":4}}},"2":{"name":"safeMint","line":51,"loc":{"start":{"line":51,"column":4},"end":{"line":66,"column":4}}},"3":{"name":"commentOnEtch","line":76,"loc":{"start":{"line":76,"column":4},"end":{"line":84,"column":4}}},"4":{"name":"transferToTeam","line":94,"loc":{"start":{"line":94,"column":4},"end":{"line":103,"column":4}}},"5":{"name":"safeMintForTeam","line":112,"loc":{"start":{"line":112,"column":4},"end":{"line":125,"column":4}}},"6":{"name":"hasReadPermission","line":135,"loc":{"start":{"line":135,"column":4},"end":{"line":137,"column":4}}},"7":{"name":"setIndividualPermissions","line":148,"loc":{"start":{"line":148,"column":4},"end":{"line":155,"column":4}}},"8":{"name":"_setIndividualPermissions","line":164,"loc":{"start":{"line":164,"column":4},"end":{"line":167,"column":4}}},"9":{"name":"setTeamPermissions","line":178,"loc":{"start":{"line":178,"column":4},"end":{"line":181,"column":4}}},"10":{"name":"_setTeamPermissions","line":190,"loc":{"start":{"line":190,"column":4},"end":{"line":199,"column":4}}},"11":{"name":"hasWritePermission","line":209,"loc":{"start":{"line":209,"column":4},"end":{"line":211,"column":4}}},"12":{"name":"getTotalSupply","line":218,"loc":{"start":{"line":218,"column":4},"end":{"line":220,"column":4}}},"13":{"name":"_ownerOf","line":229,"loc":{"start":{"line":229,"column":4},"end":{"line":236,"column":4}}},"14":{"name":"_checkPermssion","line":247,"loc":{"start":{"line":247,"column":4},"end":{"line":267,"column":4}}}},"statementMap":{"1":{"start":{"line":52,"column":8},"end":{"line":52,"column":30}},"2":{"start":{"line":53,"column":8},"end":{"line":53,"column":47}},"3":{"start":{"line":55,"column":8},"end":{"line":55,"column":33}},"4":{"start":{"line":65,"column":8},"end":{"line":65,"column":60}},"5":{"start":{"line":77,"column":8},"end":{"line":77,"column":96}},"6":{"start":{"line":83,"column":8},"end":{"line":83,"column":90}},"7":{"start":{"line":95,"column":8},"end":{"line":95,"column":94}},"8":{"start":{"line":96,"column":8},"end":{"line":96,"column":46}},"9":{"start":{"line":98,"column":8},"end":{"line":98,"column":104}},"10":{"start":{"line":98,"column":33},"end":{"line":98,"column":103}},"11":{"start":{"line":100,"column":8},"end":{"line":100,"column":74}},"12":{"start":{"line":102,"column":8},"end":{"line":102,"column":64}},"13":{"start":{"line":114,"column":8},"end":{"line":114,"column":4202}},"14":{"start":{"line":119,"column":8},"end":{"line":119,"column":45}},"15":{"start":{"line":120,"column":8},"end":{"line":120,"column":47}},"16":{"start":{"line":123,"column":8},"end":{"line":123,"column":74}},"17":{"start":{"line":124,"column":8},"end":{"line":124,"column":64}},"18":{"start":{"line":136,"column":8},"end":{"line":136,"column":74}},"19":{"start":{"line":153,"column":8},"end":{"line":153,"column":102}},"20":{"start":{"line":154,"column":8},"end":{"line":154,"column":62}},"21":{"start":{"line":166,"column":8},"end":{"line":166,"column":71}},"22":{"start":{"line":179,"column":8},"end":{"line":179,"column":102}},"23":{"start":{"line":180,"column":8},"end":{"line":180,"column":55}},"24":{"start":{"line":191,"column":8},"end":{"line":191,"column":7564}},"25":{"start":{"line":194,"column":12},"end":{"line":194,"column":82}},"26":{"start":{"line":195,"column":12},"end":{"line":195,"column":108}},"27":{"start":{"line":198,"column":8},"end":{"line":198,"column":64}},"28":{"start":{"line":210,"column":8},"end":{"line":210,"column":79}},"29":{"start":{"line":219,"column":8},"end":{"line":219,"column":36}},"30":{"start":{"line":230,"column":8},"end":{"line":230,"column":40}},"31":{"start":{"line":234,"column":8},"end":{"line":234,"column":9426}},"32":{"start":{"line":234,"column":28},"end":{"line":234,"column":73}},"33":{"start":{"line":235,"column":13},"end":{"line":235,"column":25}},"34":{"start":{"line":252,"column":8},"end":{"line":252,"column":10066}},"35":{"start":{"line":256,"column":10},"end":{"line":256,"column":21}},"36":{"start":{"line":259,"column":8},"end":{"line":259,"column":55}},"37":{"start":{"line":260,"column":8},"end":{"line":260,"column":10479}},"38":{"start":{"line":261,"column":12},"end":{"line":261,"column":10525}},"39":{"start":{"line":264,"column":14},"end":{"line":264,"column":25}},"40":{"start":{"line":266,"column":8},"end":{"line":266,"column":20}}},"branchMap":{"1":{"line":77,"type":"if","locations":[{"start":{"line":77,"column":8},"end":{"line":77,"column":8}},{"start":{"line":77,"column":8},"end":{"line":77,"column":8}}]},"2":{"line":95,"type":"if","locations":[{"start":{"line":95,"column":8},"end":{"line":95,"column":8}},{"start":{"line":95,"column":8},"end":{"line":95,"column":8}}]},"3":{"line":98,"type":"if","locations":[{"start":{"line":98,"column":8},"end":{"line":98,"column":8}},{"start":{"line":98,"column":8},"end":{"line":98,"column":8}}]},"4":{"line":114,"type":"if","locations":[{"start":{"line":114,"column":8},"end":{"line":114,"column":8}},{"start":{"line":114,"column":8},"end":{"line":114,"column":8}}]},"5":{"line":153,"type":"if","locations":[{"start":{"line":153,"column":8},"end":{"line":153,"column":8}},{"start":{"line":153,"column":8},"end":{"line":153,"column":8}}]},"6":{"line":179,"type":"if","locations":[{"start":{"line":179,"column":8},"end":{"line":179,"column":8}},{"start":{"line":179,"column":8},"end":{"line":179,"column":8}}]},"7":{"line":191,"type":"if","locations":[{"start":{"line":191,"column":8},"end":{"line":191,"column":8}},{"start":{"line":191,"column":8},"end":{"line":191,"column":8}}]},"8":{"line":194,"type":"if","locations":[{"start":{"line":194,"column":12},"end":{"line":194,"column":12}},{"start":{"line":194,"column":12},"end":{"line":194,"column":12}}]},"9":{"line":234,"type":"if","locations":[{"start":{"line":234,"column":8},"end":{"line":234,"column":8}},{"start":{"line":234,"column":8},"end":{"line":234,"column":8}}]},"10":{"line":252,"type":"if","locations":[{"start":{"line":252,"column":8},"end":{"line":252,"column":8}},{"start":{"line":252,"column":8},"end":{"line":252,"column":8}}]},"11":{"line":253,"type":"cond-expr","locations":[{"start":{"line":253,"column":12},"end":{"line":253,"column":38}},{"start":{"line":254,"column":12},"end":{"line":254,"column":66}}]},"12":{"line":253,"type":"cond-expr","locations":[{"start":{"line":253,"column":12},"end":{"line":254,"column":66}},{"start":{"line":255,"column":12},"end":{"line":255,"column":101}}]},"13":{"line":261,"type":"if","locations":[{"start":{"line":261,"column":12},"end":{"line":261,"column":12}},{"start":{"line":261,"column":12},"end":{"line":261,"column":12}}]}}},"contracts/CNodeHandler.sol":{"l":{"14":9,"21":0,"32":0,"40":0,"41":0,"51":0,"54":0,"57":0,"60":0,"69":0,"70":0,"71":0,"81":0},"path":"/Users/brieyla/Desktop/etched/etched/sol/contracts/CNodeHandler.sol","s":{"1":0,"2":0,"3":0,"4":0,"5":0,"6":0,"7":0,"8":0,"9":0,"10":0,"11":0,"12":0},"b":{"1":[0,0],"2":[0,0],"3":[0,0],"4":[0,0],"5":[0,0],"6":[0,0],"7":[0,0],"8":[0,0],"9":[0,0],"10":[0,0]},"f":{"1":9,"2":0,"3":0,"4":0,"5":0,"6":0,"7":0},"fnMap":{"1":{"name":"constructor","line":13,"loc":{"start":{"line":13,"column":4},"end":{"line":15,"column":4}}},"2":{"name":"getParent","line":20,"loc":{"start":{"line":20,"column":4},"end":{"line":22,"column":4}}},"3":{"name":"isNode","line":31,"loc":{"start":{"line":31,"column":4},"end":{"line":34,"column":4}}},"4":{"name":"onlyNodes","line":39,"loc":{"start":{"line":39,"column":4},"end":{"line":42,"column":4}}},"5":{"name":"delegateCallsToSelf","line":50,"loc":{"start":{"line":50,"column":4},"end":{"line":61,"column":4}}},"6":{"name":"_delegateCallsToSelf","line":68,"loc":{"start":{"line":68,"column":4},"end":{"line":73,"column":4}}},"7":{"name":"addNode","line":80,"loc":{"start":{"line":80,"column":4},"end":{"line":82,"column":4}}}},"statementMap":{"1":{"start":{"line":21,"column":8},"end":{"line":21,"column":21}},"2":{"start":{"line":32,"column":8},"end":{"line":32,"column":828}},"3":{"start":{"line":32,"column":34},"end":{"line":32,"column":73}},"4":{"start":{"line":33,"column":13},"end":{"line":33,"column":40}},"5":{"start":{"line":40,"column":8},"end":{"line":40,"column":70}},"6":{"start":{"line":51,"column":8},"end":{"line":51,"column":66}},"7":{"start":{"line":54,"column":8},"end":{"line":54,"column":120}},"8":{"start":{"line":57,"column":8},"end":{"line":57,"column":102}},"9":{"start":{"line":60,"column":8},"end":{"line":60,"column":56}},"10":{"start":{"line":69,"column":8},"end":{"line":69,"column":2274}},"11":{"start":{"line":70,"column":12},"end":{"line":70,"column":94}},"12":{"start":{"line":71,"column":12},"end":{"line":71,"column":47}}},"branchMap":{"1":{"line":32,"type":"if","locations":[{"start":{"line":32,"column":8},"end":{"line":32,"column":8}},{"start":{"line":32,"column":8},"end":{"line":32,"column":8}}]},"2":{"line":40,"type":"if","locations":[{"start":{"line":40,"column":8},"end":{"line":40,"column":8}},{"start":{"line":40,"column":8},"end":{"line":40,"column":8}}]},"3":{"line":50,"type":"if","locations":[{"start":{"line":50,"column":96},"end":{"line":50,"column":96}},{"start":{"line":50,"column":96},"end":{"line":50,"column":96}}]},"4":{"line":54,"type":"if","locations":[{"start":{"line":54,"column":8},"end":{"line":54,"column":8}},{"start":{"line":54,"column":8},"end":{"line":54,"column":8}}]},"5":{"line":54,"type":"cond-expr","locations":[{"start":{"line":54,"column":16},"end":{"line":54,"column":48}},{"start":{"line":54,"column":53},"end":{"line":54,"column":85}}]},"6":{"line":57,"type":"if","locations":[{"start":{"line":57,"column":8},"end":{"line":57,"column":8}},{"start":{"line":57,"column":8},"end":{"line":57,"column":8}}]},"7":{"line":57,"type":"cond-expr","locations":[{"start":{"line":57,"column":16},"end":{"line":57,"column":33}},{"start":{"line":57,"column":38},"end":{"line":57,"column":67}}]},"8":{"line":68,"type":"if","locations":[{"start":{"line":68,"column":85},"end":{"line":68,"column":85}},{"start":{"line":68,"column":85},"end":{"line":68,"column":85}}]},"9":{"line":71,"type":"if","locations":[{"start":{"line":71,"column":12},"end":{"line":71,"column":12}},{"start":{"line":71,"column":12},"end":{"line":71,"column":12}}]},"10":{"line":80,"type":"if","locations":[{"start":{"line":80,"column":42},"end":{"line":80,"column":42}},{"start":{"line":80,"column":42},"end":{"line":80,"column":42}}]}}},"contracts/COrganisation.sol":{"l":{"33":1,"34":1,"36":1,"38":1,"40":1,"52":9,"53":6,"65":1,"66":1,"79":3,"80":2,"82":2,"91":0,"102":39,"103":39,"111":0},"path":"/Users/brieyla/Desktop/etched/etched/sol/contracts/COrganisation.sol","s":{"1":1,"2":1,"3":1,"4":1,"5":1,"6":9,"7":1,"8":6,"9":1,"10":0,"11":1,"12":3,"13":2,"14":0,"15":39,"16":39,"17":0},"b":{"1":[1,6],"2":[0,1],"3":[2,1]},"f":{"1":3,"2":1,"3":9,"4":1,"5":3,"6":0,"7":39,"8":0},"fnMap":{"1":{"name":"constructor","line":23,"loc":{"start":{"line":23,"column":4},"end":{"line":23,"column":81}}},"2":{"name":"createOrganisation","line":32,"loc":{"start":{"line":32,"column":4},"end":{"line":41,"column":4}}},"3":{"name":"isAdmin","line":51,"loc":{"start":{"line":51,"column":4},"end":{"line":54,"column":4}}},"4":{"name":"isMember","line":64,"loc":{"start":{"line":64,"column":4},"end":{"line":67,"column":4}}},"5":{"name":"setPermission","line":78,"loc":{"start":{"line":78,"column":4},"end":{"line":83,"column":4}}},"6":{"name":"getNumberOfOrganisationsCreated","line":90,"loc":{"start":{"line":90,"column":4},"end":{"line":92,"column":4}}},"7":{"name":"_ownerOf","line":101,"loc":{"start":{"line":101,"column":4},"end":{"line":104,"column":4}}},"8":{"name":"onERC721Received","line":110,"loc":{"start":{"line":110,"column":4},"end":{"line":112,"column":4}}}},"statementMap":{"1":{"start":{"line":33,"column":8},"end":{"line":33,"column":30}},"2":{"start":{"line":34,"column":8},"end":{"line":34,"column":45}},"3":{"start":{"line":36,"column":8},"end":{"line":36,"column":27}},"4":{"start":{"line":38,"column":8},"end":{"line":38,"column":43}},"5":{"start":{"line":40,"column":8},"end":{"line":40,"column":20}},"6":{"start":{"line":52,"column":8},"end":{"line":52,"column":47}},"7":{"start":{"line":52,"column":36},"end":{"line":52,"column":47}},"8":{"start":{"line":53,"column":8},"end":{"line":53,"column":62}},"9":{"start":{"line":65,"column":8},"end":{"line":65,"column":47}},"10":{"start":{"line":65,"column":36},"end":{"line":65,"column":47}},"11":{"start":{"line":66,"column":8},"end":{"line":66,"column":63}},"12":{"start":{"line":79,"column":8},"end":{"line":79,"column":116}},"13":{"start":{"line":82,"column":8},"end":{"line":82,"column":56}},"14":{"start":{"line":91,"column":8},"end":{"line":91,"column":36}},"15":{"start":{"line":102,"column":8},"end":{"line":102,"column":38}},"16":{"start":{"line":103,"column":8},"end":{"line":103,"column":20}},"17":{"start":{"line":111,"column":8},"end":{"line":111,"column":45}}},"branchMap":{"1":{"line":52,"type":"if","locations":[{"start":{"line":52,"column":8},"end":{"line":52,"column":8}},{"start":{"line":52,"column":8},"end":{"line":52,"column":8}}]},"2":{"line":65,"type":"if","locations":[{"start":{"line":65,"column":8},"end":{"line":65,"column":8}},{"start":{"line":65,"column":8},"end":{"line":65,"column":8}}]},"3":{"line":79,"type":"if","locations":[{"start":{"line":79,"column":8},"end":{"line":79,"column":8}},{"start":{"line":79,"column":8},"end":{"line":79,"column":8}}]}}},"contracts/CSignatureVerifier.sol":{"l":{"26":0,"30":0,"34":0,"39":0,"40":0,"41":0,"43":0,"44":0,"46":0,"50":0,"51":0,"55":0,"56":0,"57":0},"path":"/Users/brieyla/Desktop/etched/etched/sol/contracts/CSignatureVerifier.sol","s":{"1":0,"2":0,"3":0,"4":0,"5":0,"6":0,"7":0,"8":0,"9":0,"10":0,"11":0,"12":0,"13":0},"b":{"1":[0,0],"2":[0,0],"3":[0,0],"4":[0,0]},"f":{"1":0,"2":0,"3":0,"4":0,"5":0},"fnMap":{"1":{"name":"getMessageHash","line":25,"loc":{"start":{"line":25,"column":4},"end":{"line":27,"column":4}}},"2":{"name":"getEthSignedMessageHash","line":29,"loc":{"start":{"line":29,"column":4},"end":{"line":31,"column":4}}},"3":{"name":"_checkSignature","line":33,"loc":{"start":{"line":33,"column":4},"end":{"line":47,"column":4}}},"4":{"name":"verifySignature","line":49,"loc":{"start":{"line":49,"column":4},"end":{"line":52,"column":4}}},"5":{"name":"checkMessageValidity","line":54,"loc":{"start":{"line":54,"column":4},"end":{"line":58,"column":4}}}},"statementMap":{"1":{"start":{"line":26,"column":8},"end":{"line":26,"column":31}},"2":{"start":{"line":30,"column":8},"end":{"line":30,"column":92}},"3":{"start":{"line":34,"column":8},"end":{"line":34,"column":1062}},"4":{"start":{"line":39,"column":8},"end":{"line":39,"column":86}},"5":{"start":{"line":40,"column":8},"end":{"line":40,"column":82}},"6":{"start":{"line":41,"column":8},"end":{"line":41,"column":61}},"7":{"start":{"line":43,"column":8},"end":{"line":43,"column":102}},"8":{"start":{"line":44,"column":8},"end":{"line":44,"column":43}},"9":{"start":{"line":46,"column":8},"end":{"line":46,"column":29}},"10":{"start":{"line":50,"column":8},"end":{"line":50,"column":34}},"11":{"start":{"line":55,"column":8},"end":{"line":55,"column":87}},"12":{"start":{"line":56,"column":8},"end":{"line":56,"column":81}},"13":{"start":{"line":57,"column":8},"end":{"line":57,"column":19}}},"branchMap":{"1":{"line":34,"type":"if","locations":[{"start":{"line":34,"column":8},"end":{"line":34,"column":8}},{"start":{"line":34,"column":8},"end":{"line":34,"column":8}}]},"2":{"line":41,"type":"if","locations":[{"start":{"line":41,"column":8},"end":{"line":41,"column":8}},{"start":{"line":41,"column":8},"end":{"line":41,"column":8}}]},"3":{"line":55,"type":"if","locations":[{"start":{"line":55,"column":8},"end":{"line":55,"column":8}},{"start":{"line":55,"column":8},"end":{"line":55,"column":8}}]},"4":{"line":56,"type":"if","locations":[{"start":{"line":56,"column":8},"end":{"line":56,"column":8}},{"start":{"line":56,"column":8},"end":{"line":56,"column":8}}]}}},"contracts/CTeams.sol":{"l":{"31":3,"42":4,"43":4,"45":4,"47":4,"49":4,"53":1,"54":1,"55":1,"57":1,"70":4,"72":4,"89":15,"99":4,"110":76,"112":76,"113":60,"121":3,"125":7,"129":4},"path":"/Users/brieyla/Desktop/etched/etched/sol/contracts/CTeams.sol","s":{"1":4,"2":4,"3":4,"4":4,"5":4,"6":1,"7":1,"8":1,"9":4,"10":15,"11":2,"12":12,"13":4,"14":76,"15":76,"16":16,"17":60,"18":3,"19":7},"b":{"1":[1,0],"2":[4,3],"3":[2,12],"4":[16,60],"5":[4,3],"6":[2,2]},"f":{"1":3,"2":4,"3":1,"4":4,"5":15,"6":4,"7":76,"8":3,"9":7},"fnMap":{"1":{"name":"constructor","line":30,"loc":{"start":{"line":30,"column":4},"end":{"line":32,"column":4}}},"2":{"name":"createTeam","line":41,"loc":{"start":{"line":41,"column":4},"end":{"line":50,"column":4}}},"3":{"name":"transferToOrganisation","line":52,"loc":{"start":{"line":52,"column":4},"end":{"line":58,"column":4}}},"4":{"name":"setPermission","line":69,"loc":{"start":{"line":69,"column":4},"end":{"line":73,"column":4}}},"5":{"name":"hasPermission","line":84,"loc":{"start":{"line":84,"column":4},"end":{"line":91,"column":4}}},"6":{"name":"getNumberOfTeamsCreated","line":98,"loc":{"start":{"line":98,"column":4},"end":{"line":100,"column":4}}},"7":{"name":"_ownerOf","line":109,"loc":{"start":{"line":109,"column":4},"end":{"line":114,"column":4}}},"8":{"name":"onERC721Received","line":120,"loc":{"start":{"line":120,"column":4},"end":{"line":122,"column":4}}},"9":{"name":"onlyAdmin","line":124,"loc":{"start":{"line":124,"column":4},"end":{"line":130,"column":4}}}},"statementMap":{"1":{"start":{"line":42,"column":8},"end":{"line":42,"column":30}},"2":{"start":{"line":43,"column":8},"end":{"line":43,"column":46}},"3":{"start":{"line":45,"column":8},"end":{"line":45,"column":28}},"4":{"start":{"line":47,"column":8},"end":{"line":47,"column":36}},"5":{"start":{"line":49,"column":8},"end":{"line":49,"column":21}},"6":{"start":{"line":53,"column":8},"end":{"line":53,"column":97}},"7":{"start":{"line":54,"column":8},"end":{"line":54,"column":53}},"8":{"start":{"line":57,"column":8},"end":{"line":57,"column":50}},"9":{"start":{"line":72,"column":8},"end":{"line":72,"column":57}},"10":{"start":{"line":89,"column":8},"end":{"line":89,"column":3109}},"11":{"start":{"line":89,"column":37},"end":{"line":89,"column":48}},"12":{"start":{"line":90,"column":13},"end":{"line":90,"column":65}},"13":{"start":{"line":99,"column":8},"end":{"line":99,"column":36}},"14":{"start":{"line":110,"column":8},"end":{"line":110,"column":39}},"15":{"start":{"line":112,"column":8},"end":{"line":112,"column":103}},"16":{"start":{"line":112,"column":36},"end":{"line":112,"column":103}},"17":{"start":{"line":113,"column":8},"end":{"line":113,"column":20}},"18":{"start":{"line":121,"column":8},"end":{"line":121,"column":45}},"19":{"start":{"line":125,"column":8},"end":{"line":125,"column":4443}}},"branchMap":{"1":{"line":53,"type":"if","locations":[{"start":{"line":53,"column":8},"end":{"line":53,"column":8}},{"start":{"line":53,"column":8},"end":{"line":53,"column":8}}]},"2":{"line":69,"type":"if","locations":[{"start":{"line":69,"column":100},"end":{"line":69,"column":100}},{"start":{"line":69,"column":100},"end":{"line":69,"column":100}}]},"3":{"line":89,"type":"if","locations":[{"start":{"line":89,"column":8},"end":{"line":89,"column":8}},{"start":{"line":89,"column":8},"end":{"line":89,"column":8}}]},"4":{"line":112,"type":"if","locations":[{"start":{"line":112,"column":8},"end":{"line":112,"column":8}},{"start":{"line":112,"column":8},"end":{"line":112,"column":8}}]},"5":{"line":125,"type":"if","locations":[{"start":{"line":125,"column":8},"end":{"line":125,"column":8}},{"start":{"line":125,"column":8},"end":{"line":125,"column":8}}]},"6":{"line":126,"type":"cond-expr","locations":[{"start":{"line":126,"column":12},"end":{"line":126,"column":42}},{"start":{"line":126,"column":47},"end":{"line":126,"column":120}}]}}},"contracts/forks/Context.sol":{"l":{"20":9,"24":53,"29":0,"33":9,"37":0,"41":0,"46":0,"47":0,"48":0},"path":"/Users/brieyla/Desktop/etched/etched/sol/contracts/forks/Context.sol","s":{"1":9,"2":53,"3":0,"4":0,"5":0,"6":0,"7":0},"b":{"1":[53,0],"2":[0,0],"3":[0,0]},"f":{"1":9,"2":53,"3":0,"4":9,"5":0},"fnMap":{"1":{"name":"constructor","line":19,"loc":{"start":{"line":19,"column":4},"end":{"line":21,"column":4}}},"2":{"name":"_msgSender","line":23,"loc":{"start":{"line":23,"column":4},"end":{"line":26,"column":4}}},"3":{"name":"_msgData","line":28,"loc":{"start":{"line":28,"column":4},"end":{"line":30,"column":4}}},"4":{"name":"_setContext","line":32,"loc":{"start":{"line":32,"column":4},"end":{"line":34,"column":4}}},"5":{"name":"withContext","line":36,"loc":{"start":{"line":36,"column":4},"end":{"line":49,"column":4}}}},"statementMap":{"1":{"start":{"line":20,"column":8},"end":{"line":20,"column":30}},"2":{"start":{"line":24,"column":8},"end":{"line":24,"column":931}},"3":{"start":{"line":29,"column":8},"end":{"line":29,"column":23}},"4":{"start":{"line":37,"column":8},"end":{"line":37,"column":1218}},"5":{"start":{"line":41,"column":8},"end":{"line":41,"column":1334}},"6":{"start":{"line":46,"column":8},"end":{"line":46,"column":30}},"7":{"start":{"line":48,"column":8},"end":{"line":48,"column":30}}},"branchMap":{"1":{"line":25,"type":"if","locations":[{"start":{"line":25,"column":47},"end":{"line":25,"column":56}},{"start":{"line":25,"column":60},"end":{"line":25,"column":77}}]},"2":{"line":37,"type":"if","locations":[{"start":{"line":37,"column":8},"end":{"line":37,"column":8}},{"start":{"line":37,"column":8},"end":{"line":37,"column":8}}]},"3":{"line":41,"type":"if","locations":[{"start":{"line":41,"column":8},"end":{"line":41,"column":8}},{"start":{"line":41,"column":8},"end":{"line":41,"column":8}}]}}},"contracts/forks/ERC721.sol":{"l":{"53":9,"54":9,"63":0,"75":0,"79":0,"88":127,"89":127,"90":123,"97":0,"104":0,"113":0,"115":0,"116":0,"128":0,"135":0,"136":0,"138":0,"143":0,"152":2,"154":2,"164":0,"174":2,"186":2,"191":0,"202":4,"214":4,"218":4,"245":4,"246":4,"256":0,"268":20,"282":6,"283":6,"299":5,"311":9,"312":9,"331":9,"332":9,"334":9,"337":9,"339":9,"344":9,"347":9,"349":9,"351":9,"366":0,"368":0,"371":0,"374":0,"376":0,"379":0,"381":0,"383":0,"385":0,"404":9,"408":6,"410":6,"413":6,"419":6,"421":6,"427":6,"428":6,"430":6,"432":6,"434":6,"443":0,"444":0,"457":0,"458":0,"459":0,"466":2,"485":13,"486":3,"494":3,"496":0,"497":0,"502":0,"508":10,"566":0},"path":"/Users/brieyla/Desktop/etched/etched/sol/contracts/forks/ERC721.sol","s":{"1":0,"2":0,"3":0,"4":127,"5":127,"6":123,"7":0,"8":0,"9":0,"10":0,"11":0,"12":0,"13":0,"14":0,"15":0,"16":0,"17":2,"18":2,"19":0,"20":2,"21":2,"22":0,"23":4,"24":4,"25":4,"26":4,"27":4,"28":0,"29":20,"30":6,"31":6,"32":5,"33":9,"34":9,"35":9,"36":9,"37":9,"38":9,"39":9,"40":9,"41":0,"42":0,"43":0,"44":0,"45":9,"46":6,"47":6,"48":6,"49":6,"50":6,"51":0,"52":0,"53":0,"54":2,"55":13,"56":3,"57":3,"58":0,"59":0,"60":10},"b":{"1":[0,0],"2":[0,0],"3":[0,0],"4":[123,4],"5":[0,0],"6":[0,0],"7":[0,0],"8":[0,0],"9":[0,2],"10":[4,0],"11":[4,0],"12":[4,0],"13":[0,0],"14":[9,0],"15":[9,0],"16":[9,0],"17":[9,0],"18":[6,3],"19":[6,0],"20":[6,0],"21":[0,0],"22":[2,0],"23":[3,10],"24":[0,0]},"f":{"1":9,"2":0,"3":0,"4":127,"5":0,"6":0,"7":0,"8":0,"9":0,"10":2,"11":0,"12":2,"13":2,"14":4,"15":4,"16":4,"17":0,"18":20,"19":6,"20":5,"21":9,"22":9,"23":0,"24":9,"25":0,"26":0,"27":2,"28":13,"29":15,"30":15,"31":0},"fnMap":{"1":{"name":"constructor","line":52,"loc":{"start":{"line":52,"column":4},"end":{"line":55,"column":4}}},"2":{"name":"supportsInterface","line":60,"loc":{"start":{"line":60,"column":4},"end":{"line":67,"column":4}}},"3":{"name":"balanceOf","line":72,"loc":{"start":{"line":72,"column":4},"end":{"line":80,"column":4}}},"4":{"name":"ownerOf","line":85,"loc":{"start":{"line":85,"column":4},"end":{"line":91,"column":4}}},"5":{"name":"name","line":96,"loc":{"start":{"line":96,"column":4},"end":{"line":98,"column":4}}},"6":{"name":"symbol","line":103,"loc":{"start":{"line":103,"column":4},"end":{"line":105,"column":4}}},"7":{"name":"tokenURI","line":110,"loc":{"start":{"line":110,"column":4},"end":{"line":120,"column":4}}},"8":{"name":"_baseURI","line":127,"loc":{"start":{"line":127,"column":4},"end":{"line":129,"column":4}}},"9":{"name":"approve","line":134,"loc":{"start":{"line":134,"column":4},"end":{"line":144,"column":4}}},"10":{"name":"getApproved","line":149,"loc":{"start":{"line":149,"column":4},"end":{"line":155,"column":4}}},"11":{"name":"setApprovalForAll","line":160,"loc":{"start":{"line":160,"column":4},"end":{"line":165,"column":4}}},"12":{"name":"isApprovedForAll","line":170,"loc":{"start":{"line":170,"column":4},"end":{"line":175,"column":4}}},"13":{"name":"transferFrom","line":180,"loc":{"start":{"line":180,"column":4},"end":{"line":192,"column":4}}},"14":{"name":"safeTransferFrom","line":197,"loc":{"start":{"line":197,"column":4},"end":{"line":203,"column":4}}},"15":{"name":"safeTransferFrom","line":208,"loc":{"start":{"line":208,"column":4},"end":{"line":219,"column":4}}},"16":{"name":"_safeTransfer","line":239,"loc":{"start":{"line":239,"column":4},"end":{"line":250,"column":4}}},"17":{"name":"_ownerOf","line":255,"loc":{"start":{"line":255,"column":4},"end":{"line":257,"column":4}}},"18":{"name":"_exists","line":267,"loc":{"start":{"line":267,"column":4},"end":{"line":269,"column":4}}},"19":{"name":"_isApprovedOrOwner","line":278,"loc":{"start":{"line":278,"column":4},"end":{"line":286,"column":4}}},"20":{"name":"_safeMint","line":298,"loc":{"start":{"line":298,"column":4},"end":{"line":300,"column":4}}},"21":{"name":"_safeMint","line":306,"loc":{"start":{"line":306,"column":4},"end":{"line":316,"column":4}}},"22":{"name":"_mint","line":330,"loc":{"start":{"line":330,"column":4},"end":{"line":352,"column":4}}},"23":{"name":"_burn","line":365,"loc":{"start":{"line":365,"column":4},"end":{"line":386,"column":4}}},"24":{"name":"_transfer","line":399,"loc":{"start":{"line":399,"column":4},"end":{"line":435,"column":4}}},"25":{"name":"_approve","line":442,"loc":{"start":{"line":442,"column":4},"end":{"line":445,"column":4}}},"26":{"name":"_setApprovalForAll","line":452,"loc":{"start":{"line":452,"column":4},"end":{"line":460,"column":4}}},"27":{"name":"_requireMinted","line":465,"loc":{"start":{"line":465,"column":4},"end":{"line":467,"column":4}}},"28":{"name":"_checkOnERC721Received","line":479,"loc":{"start":{"line":479,"column":4},"end":{"line":510,"column":4}}},"29":{"name":"_beforeTokenTransfer","line":526,"loc":{"start":{"line":526,"column":4},"end":{"line":531,"column":24}}},"30":{"name":"_afterTokenTransfer","line":547,"loc":{"start":{"line":547,"column":4},"end":{"line":552,"column":24}}},"31":{"name":"__unsafe_increaseBalance","line":562,"loc":{"start":{"line":562,"column":4},"end":{"line":567,"column":4}}}},"statementMap":{"1":{"start":{"line":63,"column":8},"end":{"line":63,"column":2097}},"2":{"start":{"line":75,"column":8},"end":{"line":75,"column":2403}},"3":{"start":{"line":79,"column":8},"end":{"line":79,"column":31}},"4":{"start":{"line":88,"column":8},"end":{"line":88,"column":41}},"5":{"start":{"line":89,"column":8},"end":{"line":89,"column":63}},"6":{"start":{"line":90,"column":8},"end":{"line":90,"column":20}},"7":{"start":{"line":97,"column":8},"end":{"line":97,"column":20}},"8":{"start":{"line":104,"column":8},"end":{"line":104,"column":22}},"9":{"start":{"line":113,"column":8},"end":{"line":113,"column":30}},"10":{"start":{"line":115,"column":8},"end":{"line":115,"column":42}},"11":{"start":{"line":116,"column":8},"end":{"line":116,"column":3434}},"12":{"start":{"line":128,"column":8},"end":{"line":128,"column":17}},"13":{"start":{"line":135,"column":8},"end":{"line":135,"column":47}},"14":{"start":{"line":136,"column":8},"end":{"line":136,"column":64}},"15":{"start":{"line":138,"column":8},"end":{"line":138,"column":4154}},"16":{"start":{"line":143,"column":8},"end":{"line":143,"column":28}},"17":{"start":{"line":152,"column":8},"end":{"line":152,"column":30}},"18":{"start":{"line":154,"column":8},"end":{"line":154,"column":39}},"19":{"start":{"line":164,"column":8},"end":{"line":164,"column":59}},"20":{"start":{"line":174,"column":8},"end":{"line":174,"column":50}},"21":{"start":{"line":186,"column":8},"end":{"line":186,"column":5340}},"22":{"start":{"line":191,"column":8},"end":{"line":191,"column":35}},"23":{"start":{"line":202,"column":8},"end":{"line":202,"column":46}},"24":{"start":{"line":214,"column":8},"end":{"line":214,"column":5990}},"25":{"start":{"line":218,"column":8},"end":{"line":218,"column":45}},"26":{"start":{"line":245,"column":8},"end":{"line":245,"column":35}},"27":{"start":{"line":246,"column":8},"end":{"line":246,"column":7227}},"28":{"start":{"line":256,"column":8},"end":{"line":256,"column":31}},"29":{"start":{"line":268,"column":8},"end":{"line":268,"column":46}},"30":{"start":{"line":282,"column":8},"end":{"line":282,"column":47}},"31":{"start":{"line":283,"column":8},"end":{"line":283,"column":8405}},"32":{"start":{"line":299,"column":8},"end":{"line":299,"column":33}},"33":{"start":{"line":311,"column":8},"end":{"line":311,"column":25}},"34":{"start":{"line":312,"column":8},"end":{"line":312,"column":9307}},"35":{"start":{"line":331,"column":8},"end":{"line":331,"column":68}},"36":{"start":{"line":332,"column":8},"end":{"line":332,"column":65}},"37":{"start":{"line":334,"column":8},"end":{"line":334,"column":55}},"38":{"start":{"line":337,"column":8},"end":{"line":337,"column":65}},"39":{"start":{"line":349,"column":8},"end":{"line":349,"column":46}},"40":{"start":{"line":351,"column":8},"end":{"line":351,"column":54}},"41":{"start":{"line":366,"column":8},"end":{"line":366,"column":47}},"42":{"start":{"line":368,"column":8},"end":{"line":368,"column":58}},"43":{"start":{"line":383,"column":8},"end":{"line":383,"column":49}},"44":{"start":{"line":385,"column":8},"end":{"line":385,"column":57}},"45":{"start":{"line":404,"column":8},"end":{"line":404,"column":12237}},"46":{"start":{"line":408,"column":8},"end":{"line":408,"column":72}},"47":{"start":{"line":410,"column":8},"end":{"line":410,"column":49}},"48":{"start":{"line":413,"column":8},"end":{"line":413,"column":12572}},"49":{"start":{"line":432,"column":8},"end":{"line":432,"column":40}},"50":{"start":{"line":434,"column":8},"end":{"line":434,"column":48}},"51":{"start":{"line":444,"column":8},"end":{"line":444,"column":59}},"52":{"start":{"line":457,"column":8},"end":{"line":457,"column":62}},"53":{"start":{"line":459,"column":8},"end":{"line":459,"column":54}},"54":{"start":{"line":466,"column":8},"end":{"line":466,"column":60}},"55":{"start":{"line":485,"column":8},"end":{"line":485,"column":15079}},"56":{"start":{"line":486,"column":12},"end":{"line":486,"column":15118}},"57":{"start":{"line":494,"column":16},"end":{"line":494,"column":74}},"58":{"start":{"line":496,"column":16},"end":{"line":496,"column":15486}},"59":{"start":{"line":497,"column":20},"end":{"line":497,"column":15536}},"60":{"start":{"line":508,"column":12},"end":{"line":508,"column":23}}},"branchMap":{"1":{"line":64,"type":"cond-expr","locations":[{"start":{"line":64,"column":12},"end":{"line":64,"column":51}},{"start":{"line":65,"column":12},"end":{"line":65,"column":59}}]},"2":{"line":64,"type":"cond-expr","locations":[{"start":{"line":64,"column":12},"end":{"line":65,"column":59}},{"start":{"line":66,"column":12},"end":{"line":66,"column":47}}]},"3":{"line":75,"type":"if","locations":[{"start":{"line":75,"column":8},"end":{"line":75,"column":8}},{"start":{"line":75,"column":8},"end":{"line":75,"column":8}}]},"4":{"line":89,"type":"if","locations":[{"start":{"line":89,"column":8},"end":{"line":89,"column":8}},{"start":{"line":89,"column":8},"end":{"line":89,"column":8}}]},"5":{"line":118,"type":"if","locations":[{"start":{"line":118,"column":18},"end":{"line":118,"column":70}},{"start":{"line":119,"column":18},"end":{"line":119,"column":19}}]},"6":{"line":136,"type":"if","locations":[{"start":{"line":136,"column":8},"end":{"line":136,"column":8}},{"start":{"line":136,"column":8},"end":{"line":136,"column":8}}]},"7":{"line":138,"type":"if","locations":[{"start":{"line":138,"column":8},"end":{"line":138,"column":8}},{"start":{"line":138,"column":8},"end":{"line":138,"column":8}}]},"8":{"line":139,"type":"cond-expr","locations":[{"start":{"line":139,"column":12},"end":{"line":139,"column":32}},{"start":{"line":139,"column":37},"end":{"line":139,"column":73}}]},"9":{"line":186,"type":"if","locations":[{"start":{"line":186,"column":8},"end":{"line":186,"column":8}},{"start":{"line":186,"column":8},"end":{"line":186,"column":8}}]},"10":{"line":214,"type":"if","locations":[{"start":{"line":214,"column":8},"end":{"line":214,"column":8}},{"start":{"line":214,"column":8},"end":{"line":214,"column":8}}]},"11":{"line":246,"type":"if","locations":[{"start":{"line":246,"column":8},"end":{"line":246,"column":8}},{"start":{"line":246,"column":8},"end":{"line":246,"column":8}}]},"12":{"line":283,"type":"cond-expr","locations":[{"start":{"line":283,"column":16},"end":{"line":283,"column":31}},{"start":{"line":284,"column":12},"end":{"line":284,"column":43}}]},"13":{"line":283,"type":"cond-expr","locations":[{"start":{"line":283,"column":16},"end":{"line":284,"column":43}},{"start":{"line":285,"column":12},"end":{"line":285,"column":42}}]},"14":{"line":312,"type":"if","locations":[{"start":{"line":312,"column":8},"end":{"line":312,"column":8}},{"start":{"line":312,"column":8},"end":{"line":312,"column":8}}]},"15":{"line":331,"type":"if","locations":[{"start":{"line":331,"column":8},"end":{"line":331,"column":8}},{"start":{"line":331,"column":8},"end":{"line":331,"column":8}}]},"16":{"line":332,"type":"if","locations":[{"start":{"line":332,"column":8},"end":{"line":332,"column":8}},{"start":{"line":332,"column":8},"end":{"line":332,"column":8}}]},"17":{"line":337,"type":"if","locations":[{"start":{"line":337,"column":8},"end":{"line":337,"column":8}},{"start":{"line":337,"column":8},"end":{"line":337,"column":8}}]},"18":{"line":404,"type":"if","locations":[{"start":{"line":404,"column":8},"end":{"line":404,"column":8}},{"start":{"line":404,"column":8},"end":{"line":404,"column":8}}]},"19":{"line":408,"type":"if","locations":[{"start":{"line":408,"column":8},"end":{"line":408,"column":8}},{"start":{"line":408,"column":8},"end":{"line":408,"column":8}}]},"20":{"line":413,"type":"if","locations":[{"start":{"line":413,"column":8},"end":{"line":413,"column":8}},{"start":{"line":413,"column":8},"end":{"line":413,"column":8}}]},"21":{"line":457,"type":"if","locations":[{"start":{"line":457,"column":8},"end":{"line":457,"column":8}},{"start":{"line":457,"column":8},"end":{"line":457,"column":8}}]},"22":{"line":466,"type":"if","locations":[{"start":{"line":466,"column":8},"end":{"line":466,"column":8}},{"start":{"line":466,"column":8},"end":{"line":466,"column":8}}]},"23":{"line":485,"type":"if","locations":[{"start":{"line":485,"column":8},"end":{"line":485,"column":8}},{"start":{"line":485,"column":8},"end":{"line":485,"column":8}}]},"24":{"line":496,"type":"if","locations":[{"start":{"line":496,"column":16},"end":{"line":496,"column":16}},{"start":{"line":496,"column":16},"end":{"line":496,"column":16}}]}}},"contracts/forks/Ownable.sol":{"l":{"32":9,"39":0,"40":0,"47":0,"54":0,"65":0,"73":0,"77":0,"85":9,"86":9,"87":9},"path":"/Users/brieyla/Desktop/etched/etched/sol/contracts/forks/Ownable.sol","s":{"1":9,"2":0,"3":0,"4":0,"5":0,"6":0,"7":0,"8":9,"9":9},"b":{"1":[0,0],"2":[0,0],"3":[0,0],"4":[0,0]},"f":{"1":9,"2":0,"3":0,"4":0,"5":0,"6":0,"7":9},"fnMap":{"1":{"name":"constructor","line":31,"loc":{"start":{"line":31,"column":4},"end":{"line":33,"column":4}}},"2":{"name":"onlyOwner","line":38,"loc":{"start":{"line":38,"column":4},"end":{"line":41,"column":4}}},"3":{"name":"owner","line":46,"loc":{"start":{"line":46,"column":4},"end":{"line":48,"column":4}}},"4":{"name":"_checkOwner","line":53,"loc":{"start":{"line":53,"column":4},"end":{"line":55,"column":4}}},"5":{"name":"renounceOwnership","line":64,"loc":{"start":{"line":64,"column":4},"end":{"line":66,"column":4}}},"6":{"name":"transferOwnership","line":72,"loc":{"start":{"line":72,"column":4},"end":{"line":78,"column":4}}},"7":{"name":"_transferOwnership","line":84,"loc":{"start":{"line":84,"column":4},"end":{"line":88,"column":4}}}},"statementMap":{"1":{"start":{"line":32,"column":8},"end":{"line":32,"column":39}},"2":{"start":{"line":39,"column":8},"end":{"line":39,"column":20}},"3":{"start":{"line":47,"column":8},"end":{"line":47,"column":21}},"4":{"start":{"line":54,"column":8},"end":{"line":54,"column":75}},"5":{"start":{"line":65,"column":8},"end":{"line":65,"column":37}},"6":{"start":{"line":73,"column":8},"end":{"line":73,"column":2178}},"7":{"start":{"line":77,"column":8},"end":{"line":77,"column":35}},"8":{"start":{"line":85,"column":8},"end":{"line":85,"column":33}},"9":{"start":{"line":87,"column":8},"end":{"line":87,"column":53}}},"branchMap":{"1":{"line":54,"type":"if","locations":[{"start":{"line":54,"column":8},"end":{"line":54,"column":8}},{"start":{"line":54,"column":8},"end":{"line":54,"column":8}}]},"2":{"line":64,"type":"if","locations":[{"start":{"line":64,"column":48},"end":{"line":64,"column":48}},{"start":{"line":64,"column":48},"end":{"line":64,"column":48}}]},"3":{"line":72,"type":"if","locations":[{"start":{"line":72,"column":64},"end":{"line":72,"column":64}},{"start":{"line":72,"column":64},"end":{"line":72,"column":64}}]},"4":{"line":73,"type":"if","locations":[{"start":{"line":73,"column":8},"end":{"line":73,"column":8}},{"start":{"line":73,"column":8},"end":{"line":73,"column":8}}]}}},"contracts/IEtches.sol":{"l":{},"path":"/Users/brieyla/Desktop/etched/etched/sol/contracts/IEtches.sol","s":{},"b":{},"f":{"1":0,"2":0,"3":0,"4":0,"5":0,"6":0,"7":0,"8":0,"9":0},"fnMap":{"1":{"name":"setIndividualPermissions","line":38,"loc":{"start":{"line":38,"column":4},"end":{"line":38,"column":122}}},"2":{"name":"setTeamPermissions","line":40,"loc":{"start":{"line":40,"column":4},"end":{"line":40,"column":113}}},"3":{"name":"safeMint","line":43,"loc":{"start":{"line":43,"column":4},"end":{"line":43,"column":107}}},"4":{"name":"commentOnEtch","line":45,"loc":{"start":{"line":45,"column":4},"end":{"line":45,"column":92}}},"5":{"name":"transferToTeam","line":47,"loc":{"start":{"line":47,"column":4},"end":{"line":47,"column":79}}},"6":{"name":"safeMintForTeam","line":50,"loc":{"start":{"line":50,"column":4},"end":{"line":50,"column":118}}},"7":{"name":"hasReadPermission","line":52,"loc":{"start":{"line":52,"column":4},"end":{"line":52,"column":101}}},"8":{"name":"hasWritePermission","line":54,"loc":{"start":{"line":54,"column":4},"end":{"line":54,"column":102}}},"9":{"name":"getTotalSupply","line":56,"loc":{"start":{"line":56,"column":4},"end":{"line":56,"column":71}}}},"statementMap":{},"branchMap":{}},"contracts/IOrganisation.sol":{"l":{},"path":"/Users/brieyla/Desktop/etched/etched/sol/contracts/IOrganisation.sol","s":{},"b":{},"f":{},"fnMap":{},"statementMap":{},"branchMap":{}},"contracts/ITeams.sol":{"l":{},"path":"/Users/brieyla/Desktop/etched/etched/sol/contracts/ITeams.sol","s":{},"b":{},"f":{},"fnMap":{},"statementMap":{},"branchMap":{}}}