{"contracts/CEtches.sol":{"l":{"43":3,"52":4,"53":4,"55":4,"57":4,"65":4,"77":0,"79":0,"81":0,"83":0,"95":4,"96":4,"98":1,"99":1,"100":1,"102":1,"114":6,"119":3,"120":3,"122":3,"123":3,"124":3,"136":4,"153":0,"154":0,"165":0,"166":0,"179":0,"180":0,"191":5,"192":1,"194":4,"195":4,"196":4,"198":5,"210":1,"219":0,"230":32,"234":32,"252":5,"259":2,"260":2,"261":2,"266":2},"path":"/Users/brieyla/Desktop/etched/etched/sol/contracts/CEtches.sol","s":{"1":4,"2":4,"3":4,"4":4,"5":0,"6":0,"7":4,"8":4,"9":1,"10":1,"11":1,"12":1,"13":6,"14":3,"15":3,"16":3,"17":3,"18":4,"19":0,"20":0,"21":0,"22":0,"23":0,"24":5,"25":4,"26":4,"27":5,"28":1,"29":0,"30":32,"31":32,"32":23,"33":9,"34":5,"35":3,"36":2,"37":2,"38":2,"39":0,"40":2},"b":{"1":[0,0],"2":[4,0],"3":[1,0],"4":[3,3],"5":[0,0],"6":[0,0],"7":[1,4],"8":[4,0],"9":[23,9],"10":[3,2],"11":[0,0],"12":[0,3],"13":[0,2]},"f":{"1":3,"2":4,"3":0,"4":4,"5":6,"6":4,"7":0,"8":0,"9":0,"10":5,"11":1,"12":0,"13":32,"14":5},"fnMap":{"1":{"name":"constructor","line":42,"loc":{"start":{"line":42,"column":4},"end":{"line":44,"column":4}}},"2":{"name":"safeMint","line":51,"loc":{"start":{"line":51,"column":4},"end":{"line":66,"column":4}}},"3":{"name":"commentOnEtch","line":76,"loc":{"start":{"line":76,"column":4},"end":{"line":84,"column":4}}},"4":{"name":"transferToTeam","line":94,"loc":{"start":{"line":94,"column":4},"end":{"line":103,"column":4}}},"5":{"name":"safeMintForTeam","line":112,"loc":{"start":{"line":112,"column":4},"end":{"line":125,"column":4}}},"6":{"name":"hasReadPermission","line":135,"loc":{"start":{"line":135,"column":4},"end":{"line":137,"column":4}}},"7":{"name":"setIndividualPermissions","line":148,"loc":{"start":{"line":148,"column":4},"end":{"line":155,"column":4}}},"8":{"name":"_setIndividualPermissions","line":164,"loc":{"start":{"line":164,"column":4},"end":{"line":167,"column":4}}},"9":{"name":"setTeamPermissions","line":178,"loc":{"start":{"line":178,"column":4},"end":{"line":181,"column":4}}},"10":{"name":"_setTeamPermissions","line":190,"loc":{"start":{"line":190,"column":4},"end":{"line":199,"column":4}}},"11":{"name":"hasWritePermission","line":209,"loc":{"start":{"line":209,"column":4},"end":{"line":211,"column":4}}},"12":{"name":"getTotalSupply","line":218,"loc":{"start":{"line":218,"column":4},"end":{"line":220,"column":4}}},"13":{"name":"_ownerOf","line":229,"loc":{"start":{"line":229,"column":4},"end":{"line":236,"column":4}}},"14":{"name":"_checkPermssion","line":247,"loc":{"start":{"line":247,"column":4},"end":{"line":267,"column":4}}}},"statementMap":{"1":{"start":{"line":52,"column":8},"end":{"line":52,"column":30}},"2":{"start":{"line":53,"column":8},"end":{"line":53,"column":47}},"3":{"start":{"line":55,"column":8},"end":{"line":55,"column":33}},"4":{"start":{"line":65,"column":8},"end":{"line":65,"column":60}},"5":{"start":{"line":77,"column":8},"end":{"line":77,"column":96}},"6":{"start":{"line":83,"column":8},"end":{"line":83,"column":90}},"7":{"start":{"line":95,"column":8},"end":{"line":95,"column":94}},"8":{"start":{"line":96,"column":8},"end":{"line":96,"column":46}},"9":{"start":{"line":98,"column":8},"end":{"line":98,"column":104}},"10":{"start":{"line":98,"column":33},"end":{"line":98,"column":103}},"11":{"start":{"line":100,"column":8},"end":{"line":100,"column":74}},"12":{"start":{"line":102,"column":8},"end":{"line":102,"column":64}},"13":{"start":{"line":114,"column":8},"end":{"line":114,"column":4202}},"14":{"start":{"line":119,"column":8},"end":{"line":119,"column":45}},"15":{"start":{"line":120,"column":8},"end":{"line":120,"column":47}},"16":{"start":{"line":123,"column":8},"end":{"line":123,"column":74}},"17":{"start":{"line":124,"column":8},"end":{"line":124,"column":64}},"18":{"start":{"line":136,"column":8},"end":{"line":136,"column":74}},"19":{"start":{"line":153,"column":8},"end":{"line":153,"column":102}},"20":{"start":{"line":154,"column":8},"end":{"line":154,"column":62}},"21":{"start":{"line":166,"column":8},"end":{"line":166,"column":71}},"22":{"start":{"line":179,"column":8},"end":{"line":179,"column":102}},"23":{"start":{"line":180,"column":8},"end":{"line":180,"column":55}},"24":{"start":{"line":191,"column":8},"end":{"line":191,"column":7564}},"25":{"start":{"line":194,"column":12},"end":{"line":194,"column":82}},"26":{"start":{"line":195,"column":12},"end":{"line":195,"column":108}},"27":{"start":{"line":198,"column":8},"end":{"line":198,"column":64}},"28":{"start":{"line":210,"column":8},"end":{"line":210,"column":79}},"29":{"start":{"line":219,"column":8},"end":{"line":219,"column":36}},"30":{"start":{"line":230,"column":8},"end":{"line":230,"column":40}},"31":{"start":{"line":234,"column":8},"end":{"line":234,"column":9426}},"32":{"start":{"line":234,"column":28},"end":{"line":234,"column":73}},"33":{"start":{"line":235,"column":13},"end":{"line":235,"column":25}},"34":{"start":{"line":252,"column":8},"end":{"line":252,"column":10066}},"35":{"start":{"line":256,"column":10},"end":{"line":256,"column":21}},"36":{"start":{"line":259,"column":8},"end":{"line":259,"column":55}},"37":{"start":{"line":260,"column":8},"end":{"line":260,"column":10479}},"38":{"start":{"line":261,"column":12},"end":{"line":261,"column":10525}},"39":{"start":{"line":264,"column":14},"end":{"line":264,"column":25}},"40":{"start":{"line":266,"column":8},"end":{"line":266,"column":20}}},"branchMap":{"1":{"line":77,"type":"if","locations":[{"start":{"line":77,"column":8},"end":{"line":77,"column":8}},{"start":{"line":77,"column":8},"end":{"line":77,"column":8}}]},"2":{"line":95,"type":"if","locations":[{"start":{"line":95,"column":8},"end":{"line":95,"column":8}},{"start":{"line":95,"column":8},"end":{"line":95,"column":8}}]},"3":{"line":98,"type":"if","locations":[{"start":{"line":98,"column":8},"end":{"line":98,"column":8}},{"start":{"line":98,"column":8},"end":{"line":98,"column":8}}]},"4":{"line":114,"type":"if","locations":[{"start":{"line":114,"column":8},"end":{"line":114,"column":8}},{"start":{"line":114,"column":8},"end":{"line":114,"column":8}}]},"5":{"line":153,"type":"if","locations":[{"start":{"line":153,"column":8},"end":{"line":153,"column":8}},{"start":{"line":153,"column":8},"end":{"line":153,"column":8}}]},"6":{"line":179,"type":"if","locations":[{"start":{"line":179,"column":8},"end":{"line":179,"column":8}},{"start":{"line":179,"column":8},"end":{"line":179,"column":8}}]},"7":{"line":191,"type":"if","locations":[{"start":{"line":191,"column":8},"end":{"line":191,"column":8}},{"start":{"line":191,"column":8},"end":{"line":191,"column":8}}]},"8":{"line":194,"type":"if","locations":[{"start":{"line":194,"column":12},"end":{"line":194,"column":12}},{"start":{"line":194,"column":12},"end":{"line":194,"column":12}}]},"9":{"line":234,"type":"if","locations":[{"start":{"line":234,"column":8},"end":{"line":234,"column":8}},{"start":{"line":234,"column":8},"end":{"line":234,"column":8}}]},"10":{"line":252,"type":"if","locations":[{"start":{"line":252,"column":8},"end":{"line":252,"column":8}},{"start":{"line":252,"column":8},"end":{"line":252,"column":8}}]},"11":{"line":253,"type":"cond-expr","locations":[{"start":{"line":253,"column":12},"end":{"line":253,"column":38}},{"start":{"line":254,"column":12},"end":{"line":254,"column":66}}]},"12":{"line":253,"type":"cond-expr","locations":[{"start":{"line":253,"column":12},"end":{"line":254,"column":66}},{"start":{"line":255,"column":12},"end":{"line":255,"column":101}}]},"13":{"line":261,"type":"if","locations":[{"start":{"line":261,"column":12},"end":{"line":261,"column":12}},{"start":{"line":261,"column":12},"end":{"line":261,"column":12}}]}}},"contracts/CNodeHandler.sol":{"l":{"14":9,"21":0,"32":0,"40":0,"41":0,"51":0,"54":0,"57":0,"60":0,"69":0,"70":0,"71":0,"81":0},"path":"/Users/brieyla/Desktop/etched/etched/sol/contracts/CNodeHandler.sol","s":{"1":0,"2":0,"3":0,"4":0,"5":0,"6":0,"7":0,"8":0,"9":0,"10":0,"11":0,"12":0},"b":{"1":[0,0],"2":[0,0],"3":[0,0],"4":[0,0],"5":[0,0],"6":[0,0],"7":[0,0],"8":[0,0],"9":[0,0],"10":[0,0]},"f":{"1":9,"2":0,"3":0,"4":0,"5":0,"6":0,"7":0},"fnMap":{"1":{"name":"constructor","line":13,"loc":{"start":{"line":13,"column":4},"end":{"line":15,"column":4}}},"2":{"name":"getParent","line":20,"loc":{"start":{"line":20,"column":4},"end":{"line":22,"column":4}}},"3":{"name":"isNode","line":31,"loc":{"start":{"line":31,"column":4},"end":{"line":34,"column":4}}},"4":{"name":"onlyNodes","line":39,"loc":{"start":{"line":39,"column":4},"end":{"line":42,"column":4}}},"5":{"name":"delegateCallsToSelf","line":50,"loc":{"start":{"line":50,"column":4},"end":{"line":61,"column":4}}},"6":{"name":"_delegateCallsToSelf","line":68,"loc":{"start":{"line":68,"column":4},"end":{"line":73,"column":4}}},"7":{"name":"addNode","line":80,"loc":{"start":{"line":80,"column":4},"end":{"line":82,"column":4}}}},"statementMap":{"1":{"start":{"line":21,"column":8},"end":{"line":21,"column":21}},"2":{"start":{"line":32,"column":8},"end":{"line":32,"column":828}},"3":{"start":{"line":32,"column":34},"end":{"line":32,"column":73}},"4":{"start":{"line":33,"column":13},"end":{"line":33,"column":40}},"5":{"start":{"line":40,"column":8},"end":{"line":40,"column":70}},"6":{"start":{"line":51,"column":8},"end":{"line":51,"column":66}},"7":{"start":{"line":54,"column":8},"end":{"line":54,"column":120}},"8":{"start":{"line":57,"column":8},"end":{"line":57,"column":102}},"9":{"start":{"line":60,"column":8},"end":{"line":60,"column":56}},"10":{"start":{"line":69,"column":8},"end":{"line":69,"column":2274}},"11":{"start":{"line":70,"column":12},"end":{"line":70,"column":94}},"12":{"start":{"line":71,"column":12},"end":{"line":71,"column":47}}},"branchMap":{"1":{"line":32,"type":"if","locations":[{"start":{"line":32,"column":8},"end":{"line":32,"column":8}},{"start":{"line":32,"column":8},"end":{"line":32,"column":8}}]},"2":{"line":40,"type":"if","locations":[{"start":{"line":40,"column":8},"end":{"line":40,"column":8}},{"start":{"line":40,"column":8},"end":{"line":40,"column":8}}]},"3":{"line":50,"type":"if","locations":[{"start":{"line":50,"column":96},"end":{"line":50,"column":96}},{"start":{"line":50,"column":96},"end":{"line":50,"column":96}}]},"4":{"line":54,"type":"if","locations":[{"start":{"line":54,"column":8},"end":{"line":54,"column":8}},{"start":{"line":54,"column":8},"end":{"line":54,"column":8}}]},"5":{"line":54,"type":"cond-expr","locations":[{"start":{"line":54,"column":16},"end":{"line":54,"column":48}},{"start":{"line":54,"column":53},"end":{"line":54,"column":85}}]},"6":{"line":57,"type":"if","locations":[{"start":{"line":57,"column":8},"end":{"line":57,"column":8}},{"start":{"line":57,"column":8},"end":{"line":57,"column":8}}]},"7":{"line":57,"type":"cond-expr","locations":[{"start":{"line":57,"column":16},"end":{"line":57,"column":33}},{"start":{"line":57,"column":38},"end":{"line":57,"column":67}}]},"8":{"line":68,"type":"if","locations":[{"start":{"line":68,"column":85},"end":{"line":68,"column":85}},{"start":{"line":68,"column":85},"end":{"line":68,"column":85}}]},"9":{"line":71,"type":"if","locations":[{"start":{"line":71,"column":12},"end":{"line":71,"column":12}},{"start":{"line":71,"column":12},"end":{"line":71,"column":12}}]},"10":{"line":80,"type":"if","locations":[{"start":{"line":80,"column":42},"end":{"line":80,"column":42}},{"start":{"line":80,"column":42},"end":{"line":80,"column":42}}]}}},"contracts/COrganisation.sol":{"l":{"33":1,"34":1,"36":1,"38":1,"40":1,"52":9,"53":6,"65":1,"66":1,"79":3,"80":2,"82":2,"91":0,"102":39,"103":39,"111":0},"path":"/Users/brieyla/Desktop/etched/etched/sol/contracts/COrganisation.sol","s":{"1":1,"2":1,"3":1,"4":1,"5":1,"6":9,"7":1,"8":6,"9":1,"10":0,"11":1,"12":3,"13":2,"14":0,"15":39,"16":39,"17":0},"b":{"1":[1,6],"2":[0,1],"3":[2,1]},"f":{"1":3,"2":1,"3":9,"4":1,"5":3,"6":0,"7":39,"8":0},"fnMap":{"1":{"name":"constructor","line":23,"loc":{"start":{"line":23,"column":4},"end":{"line":23,"column":81}}},"2":{"name":"createOrganisation","line":32,"loc":{"start":{"line":32,"column":4},"end":{"line":41,"column":4}}},"3":{"name":"isAdmin","line":51,"loc":{"start":{"line":51,"column":4},"end":{"line":54,"column":4}}},"4":{"name":"isMember","line":64,"loc":{"start":{"line":64,"column":4},"end":{"line":67,"column":4}}},"5":{"name":"setPermission","line":78,"loc":{"start":{"line":78,"column":4},"end":{"line":83,"column":4}}},"6":{"name":"getNumberOfOrganisationsCreated","line":90,"loc":{"start":{"line":90,"column":4},"end":{"line":92,"column":4}}},"7":{"name":"_ownerOf","line":101,"loc":{"start":{"line":101,"column":4},"end":{"line":104,"column":4}}},"8":{"name":"onERC721Received","line":110,"loc":{"start":{"line":110,"column":4},"end":{"line":112,"column":4}}}},"statementMap":{"1":{"start":{"line":33,"column":8},"end":{"line":33,"column":30}},"2":{"start":{"line":34,"column":8},"end":{"line":34,"column":45}},"3":{"start":{"line":36,"column":8},"end":{"line":36,"column":27}},"4":{"start":{"line":38,"column":8},"end":{"line":38,"column":43}},"5":{"start":{"line":40,"column":8},"end":{"line":40,"column":20}},"6":{"start":{"line":52,"column":8},"end":{"line":52,"column":47}},"7":{"start":{"line":52,"column":36},"end":{"line":52,"column":47}},"8":{"start":{"line":53,"column":8},"end":{"line":53,"column":62}},"9":{"start":{"line":65,"column":8},"end":{"line":65,"column":47}},"10":{"start":{"line":65,"column":36},"end":{"line":65,"column":47}},"11":{"start":{"line":66,"column":8},"end":{"line":66,"column":63}},"12":{"start":{"line":79,"column":8},"end":{"line":79,"column":116}},"13":{"start":{"line":82,"column":8},"end":{"line":82,"column":56}},"14":{"start":{"line":91,"column":8},"end":{"line":91,"column":36}},"15":{"start":{"line":102,"column":8},"end":{"line":102,"column":38}},"16":{"start":{"line":103,"column":8},"end":{"line":103,"column":20}},"17":{"start":{"line":111,"column":8},"end":{"line":111,"column":45}}},"branchMap":{"1":{"line":52,"type":"if","locations":[{"start":{"line":52,"column":8},"end":{"line":52,"column":8}},{"start":{"line":52,"column":8},"end":{"line":52,"column":8}}]},"2":{"line":65,"type":"if","locations":[{"start":{"line":65,"column":8},"end":{"line":65,"column":8}},{"start":{"line":65,"column":8},"end":{"line":65,"column":8}}]},"3":{"line":79,"type":"if","locations":[{"start":{"line":79,"column":8},"end":{"line":79,"column":8}},{"start":{"line":79,"column":8},"end":{"line":79,"column":8}}]}}},"contracts/CSignatureVerifier.sol":{"l":{"26":0,"30":0,"34":0,"39":0,"40":0,"41":0,"43":0,"44":0,"46":0,"50":0,"51":0,"55":0,"56":0,"57":0},"path":"/Users/brieyla/Desktop/etched/etched/sol/contracts/CSignatureVerifier.sol","s":{"1":0,"2":0,"3":0,"4":0,"5":0,"6":0,"7":0,"8":0,"9":0,"10":0,"11":0,"12":0,"13":0},"b":{"1":[0,0],"2":[0,0],"3":[0,0],"4":[0,0]},"f":{"1":0,"2":0,"3":0,"4":0,"5":0},"fnMap":{"1":{"name":"getMessageHash","line":25,"loc":{"start":{"line":25,"column":4},"end":{"line":27,"column":4}}},"2":{"name":"getEthSignedMessageHash","line":29,"loc":{"start":{"line":29,"column":4},"end":{"line":31,"column":4}}},"3":{"name":"_checkSignature","line":33,"loc":{"start":{"line":33,"column":4},"end":{"line":47,"column":4}}},"4":{"name":"verifySignature","line":49,"loc":{"start":{"line":49,"column":4},"end":{"line":52,"column":4}}},"5":{"name":"checkMessageValidity","line":54,"loc":{"start":{"line":54,"column":4},"end":{"line":58,"column":4}}}},"statementMap":{"1":{"start":{"line":26,"column":8},"end":{"line":26,"column":31}},"2":{"start":{"line":30,"column":8},"end":{"line":30,"column":92}},"3":{"start":{"line":34,"column":8},"end":{"line":34,"column":1062}},"4":{"start":{"line":39,"column":8},"end":{"line":39,"column":86}},"5":{"start":{"line":40,"column":8},"end":{"line":40,"column":82}},"6":{"start":{"line":41,"column":8},"end":{"line":41,"column":61}},"7":{"start":{"line":43,"column":8},"end":{"line":43,"column":102}},"8":{"start":{"line":44,"column":8},"end":{"line":44,"column":43}},"9":{"start":{"line":46,"column":8},"end":{"line":46,"column":29}},"10":{"start":{"line":50,"column":8},"end":{"line":50,"column":34}},"11":{"start":{"line":55,"column":8},"end":{"line":55,"column":87}},"12":{"start":{"line":56,"column":8},"end":{"line":56,"column":81}},"13":{"start":{"line":57,"column":8},"end":{"line":57,"column":19}}},"branchMap":{"1":{"line":34,"type":"if","locations":[{"start":{"line":34,"column":8},"end":{"line":34,"column":8}},{"start":{"line":34,"column":8},"end":{"line":34,"column":8}}]},"2":{"line":41,"type":"if","locations":[{"start":{"line":41,"column":8},"end":{"line":41,"column":8}},{"start":{"line":41,"column":8},"end":{"line":41,"column":8}}]},"3":{"line":55,"type":"if","locations":[{"start":{"line":55,"column":8},"end":{"line":55,"column":8}},{"start":{"line":55,"column":8},"end":{"line":55,"column":8}}]},"4":{"line":56,"type":"if","locations":[{"start":{"line":56,"column":8},"end":{"line":56,"column":8}},{"start":{"line":56,"column":8},"end":{"line":56,"column":8}}]}}},"contracts/CTeams.sol":{"l":{"31":3,"42":4,"43":4,"45":4,"47":4,"49":4,"53":1,"54":1,"55":1,"57":1,"70":4,"72":4,"89":15,"99":4,"110":76,"112":76,"113":60,"121":3,"125":7,"129":4},"path":"/Users/brieyla/Desktop/etched/etched/sol/contracts/CTeams.sol","s":{"1":4,"2":4,"3":4,"4":4,"5":4,"6":1,"7":1,"8":1,"9":4,"10":15,"11":2,"12":12,"13":4,"14":76,"15":76,"16":16,"17":60,"18":3,"19":7},"b":{"1":[1,0],"2":[4,3],"3":[2,12],"4":[16,60],"5":[4,3],"6":[2,2]},"f":{"1":3,"2":4,"3":1,"4":4,"5":15,"6":4,"7":76,"8":3,"9":7},"fnMap":{"1":{"name":"constructor","line":30,"loc":{"start":{"line":30,"column":4},"end":{"line":32,"column":4}}},"2":{"name":"createTeam","line":41,"loc":{"start":{"line":41,"column":4},"end":{"line":50,"column":4}}},"3":{"name":"transferToOrganisation","line":52,"loc":{"start":{"line":52,"column":4},"end":{"line":58,"column":4}}},"4":{"name":"setPermission","line":69,"loc":{"start":{"line":69,"column":4},"end":{"line":73,"column":4}}},"5":{"name":"hasPermission","line":84,"loc":{"start":{"line":84,"column":4},"end":{"line":91,"column":4}}},"6":{"name":"getNumberOfTeamsCreated","line":98,"loc":{"start":{"line":98,"column":4},"end":{"line":100,"column":4}}},"7":{"name":"_ownerOf","line":109,"loc":{"start":{"line":109,"column":4},"end":{"line":114,"column":4}}},"8":{"name":"onERC721Received","line":120,"loc":{"start":{"line":120,"column":4},"end":{"line":122,"column":4}}},"9":{"name":"onlyAdmin","line":124,"loc":{"start":{"line":124,"column":4},"end":{"line":130,"column":4}}}},"statementMap":{"1":{"start":{"line":42,"column":8},"end":{"line":42,"column":30}},"2":{"start":{"line":43,"column":8},"end":{"line":43,"column":46}},"3":{"start":{"line":45,"column":8},"end":{"line":45,"column":28}},"4":{"start":{"line":47,"column":8},"end":{"line":47,"column":36}},"5":{"start":{"line":49,"column":8},"end":{"line":49,"column":21}},"6":{"start":{"line":53,"column":8},"end":{"line":53,"column":97}},"7":{"start":{"line":54,"column":8},"end":{"line":54,"column":53}},"8":{"start":{"line":57,"column":8},"end":{"line":57,"column":50}},"9":{"start":{"line":72,"column":8},"end":{"line":72,"column":57}},"10":{"start":{"line":89,"column":8},"end":{"line":89,"column":3109}},"11":{"start":{"line":89,"column":37},"end":{"line":89,"column":48}},"12":{"start":{"line":90,"column":13},"end":{"line":90,"column":65}},"13":{"start":{"line":99,"column":8},"end":{"line":99,"column":36}},"14":{"start":{"line":110,"column":8},"end":{"line":110,"column":39}},"15":{"start":{"line":112,"column":8},"end":{"line":112,"column":103}},"16":{"start":{"line":112,"column":36},"end":{"line":112,"column":103}},"17":{"start":{"line":113,"column":8},"end":{"line":113,"column":20}},"18":{"start":{"line":121,"column":8},"end":{"line":121,"column":45}},"19":{"start":{"line":125,"column":8},"end":{"line":125,"column":4443}}},"branchMap":{"1":{"line":53,"type":"if","locations":[{"start":{"line":53,"column":8},"end":{"line":53,"column":8}},{"start":{"line":53,"column":8},"end":{"line":53,"column":8}}]},"2":{"line":69,"type":"if","locations":[{"start":{"line":69,"column":100},"end":{"line":69,"column":100}},{"start":{"line":69,"column":100},"end":{"line":69,"column":100}}]},"3":{"line":89,"type":"if","locations":[{"start":{"line":89,"column":8},"end":{"line":89,"column":8}},{"start":{"line":89,"column":8},"end":{"line":89,"column":8}}]},"4":{"line":112,"type":"if","locations":[{"start":{"line":112,"column":8},"end":{"line":112,"column":8}},{"start":{"line":112,"column":8},"end":{"line":112,"column":8}}]},"5":{"line":125,"type":"if","locations":[{"start":{"line":125,"column":8},"end":{"line":125,"column":8}},{"start":{"line":125,"column":8},"end":{"line":125,"column":8}}]},"6":{"line":126,"type":"cond-expr","locations":[{"start":{"line":126,"column":12},"end":{"line":126,"column":42}},{"start":{"line":126,"column":47},"end":{"line":126,"column":120}}]}}},"contracts/forks/Context.sol":{"l":{"20":394,"24":1102,"29":0,"33":394,"37":0,"41":0,"46":0,"47":0,"48":0},"path":"/Users/brieyla/Desktop/etched/etched/sol/contracts/forks/Context.sol","s":{"1":394,"2":1102,"3":0,"4":0,"5":0,"6":0,"7":0},"b":{"1":[1102,0],"2":[0,0],"3":[0,0]},"f":{"1":394,"2":1102,"3":0,"4":394,"5":0},"fnMap":{"1":{"name":"constructor","line":19,"loc":{"start":{"line":19,"column":4},"end":{"line":21,"column":4}}},"2":{"name":"_msgSender","line":23,"loc":{"start":{"line":23,"column":4},"end":{"line":26,"column":4}}},"3":{"name":"_msgData","line":28,"loc":{"start":{"line":28,"column":4},"end":{"line":30,"column":4}}},"4":{"name":"_setContext","line":32,"loc":{"start":{"line":32,"column":4},"end":{"line":34,"column":4}}},"5":{"name":"withContext","line":36,"loc":{"start":{"line":36,"column":4},"end":{"line":49,"column":4}}}},"statementMap":{"1":{"start":{"line":20,"column":8},"end":{"line":20,"column":30}},"2":{"start":{"line":24,"column":8},"end":{"line":24,"column":931}},"3":{"start":{"line":29,"column":8},"end":{"line":29,"column":23}},"4":{"start":{"line":37,"column":8},"end":{"line":37,"column":1218}},"5":{"start":{"line":41,"column":8},"end":{"line":41,"column":1334}},"6":{"start":{"line":46,"column":8},"end":{"line":46,"column":30}},"7":{"start":{"line":48,"column":8},"end":{"line":48,"column":30}}},"branchMap":{"1":{"line":25,"type":"if","locations":[{"start":{"line":25,"column":47},"end":{"line":25,"column":56}},{"start":{"line":25,"column":60},"end":{"line":25,"column":77}}]},"2":{"line":37,"type":"if","locations":[{"start":{"line":37,"column":8},"end":{"line":37,"column":8}},{"start":{"line":37,"column":8},"end":{"line":37,"column":8}}]},"3":{"line":41,"type":"if","locations":[{"start":{"line":41,"column":8},"end":{"line":41,"column":8}},{"start":{"line":41,"column":8},"end":{"line":41,"column":8}}]}}},"contracts/forks/ERC721.sol":{"l":{"53":387,"54":387,"61":15,"71":55,"72":54,"79":1778,"80":1778,"81":1738,"88":1,"95":1,"102":2,"104":1,"105":1,"114":1,"121":390,"122":388,"124":388,"129":384,"136":98,"138":97,"145":330,"146":328,"153":99,"161":35,"163":29,"170":86,"177":156,"178":136,"201":80,"223":284,"224":240,"231":3219,"243":1588,"254":191,"255":177,"269":18,"277":23,"278":23,"294":747,"295":745,"297":743,"300":743,"302":743,"307":743,"310":743,"312":743,"314":743,"329":7,"331":3,"334":3,"337":3,"339":3,"342":3,"344":3,"346":3,"348":3,"363":350,"364":313,"366":293,"369":293,"372":293,"374":293,"380":293,"381":293,"383":293,"385":293,"387":293,"396":384,"397":384,"406":328,"407":328,"408":328,"415":100,"429":263,"430":129,"431":99,"433":30,"434":12,"437":18,"443":134,"488":0},"path":"/Users/brieyla/Desktop/etched/etched/sol/contracts/forks/ERC721.sol","s":{"1":15,"2":55,"3":54,"4":1778,"5":1778,"6":1738,"7":1,"8":1,"9":2,"10":1,"11":1,"12":1,"13":390,"14":388,"15":388,"16":384,"17":98,"18":97,"19":330,"20":328,"21":99,"22":35,"23":29,"24":86,"25":156,"26":136,"27":80,"28":284,"29":240,"30":3219,"31":1588,"32":191,"33":177,"34":18,"35":23,"36":23,"37":747,"38":745,"39":743,"40":743,"41":743,"42":743,"43":7,"44":3,"45":3,"46":3,"47":350,"48":313,"49":293,"50":293,"51":293,"52":293,"53":384,"54":328,"55":328,"56":100,"57":263,"58":129,"59":99,"60":30,"61":12,"62":134},"b":{"1":[3,3],"2":[3,3],"3":[54,1],"4":[1738,40],"5":[0,1],"6":[388,0],"7":[384,4],"8":[382,2],"9":[328,2],"10":[29,6],"11":[136,20],"12":[216,24],"13":[88,50],"14":[50,27],"15":[11,12],"16":[745,2],"17":[743,2],"18":[743,0],"19":[313,37],"20":[293,20],"21":[293,0],"22":[328,0],"23":[98,2],"24":[129,134],"25":[12,18]},"f":{"1":387,"2":15,"3":55,"4":1778,"5":1,"6":1,"7":2,"8":1,"9":390,"10":98,"11":330,"12":99,"13":35,"14":86,"15":156,"16":80,"17":284,"18":3219,"19":1588,"20":191,"21":18,"22":23,"23":747,"24":7,"25":350,"26":384,"27":328,"28":100,"29":263,"30":1039,"31":1039,"32":0},"fnMap":{"1":{"name":"constructor","line":52,"loc":{"start":{"line":52,"column":4},"end":{"line":55,"column":4}}},"2":{"name":"supportsInterface","line":60,"loc":{"start":{"line":60,"column":4},"end":{"line":65,"column":4}}},"3":{"name":"balanceOf","line":70,"loc":{"start":{"line":70,"column":4},"end":{"line":73,"column":4}}},"4":{"name":"ownerOf","line":78,"loc":{"start":{"line":78,"column":4},"end":{"line":82,"column":4}}},"5":{"name":"name","line":87,"loc":{"start":{"line":87,"column":4},"end":{"line":89,"column":4}}},"6":{"name":"symbol","line":94,"loc":{"start":{"line":94,"column":4},"end":{"line":96,"column":4}}},"7":{"name":"tokenURI","line":101,"loc":{"start":{"line":101,"column":4},"end":{"line":106,"column":4}}},"8":{"name":"_baseURI","line":113,"loc":{"start":{"line":113,"column":4},"end":{"line":115,"column":4}}},"9":{"name":"approve","line":120,"loc":{"start":{"line":120,"column":4},"end":{"line":130,"column":4}}},"10":{"name":"getApproved","line":135,"loc":{"start":{"line":135,"column":4},"end":{"line":139,"column":4}}},"11":{"name":"setApprovalForAll","line":144,"loc":{"start":{"line":144,"column":4},"end":{"line":147,"column":4}}},"12":{"name":"isApprovedForAll","line":152,"loc":{"start":{"line":152,"column":4},"end":{"line":154,"column":4}}},"13":{"name":"transferFrom","line":159,"loc":{"start":{"line":159,"column":4},"end":{"line":164,"column":4}}},"14":{"name":"safeTransferFrom","line":169,"loc":{"start":{"line":169,"column":4},"end":{"line":171,"column":4}}},"15":{"name":"safeTransferFrom","line":176,"loc":{"start":{"line":176,"column":4},"end":{"line":179,"column":4}}},"16":{"name":"_safeTransfer","line":200,"loc":{"start":{"line":200,"column":4},"end":{"line":202,"column":4}}},"17":{"name":"_safeTransfer","line":222,"loc":{"start":{"line":222,"column":4},"end":{"line":225,"column":4}}},"18":{"name":"_ownerOf","line":230,"loc":{"start":{"line":230,"column":4},"end":{"line":232,"column":4}}},"19":{"name":"_exists","line":242,"loc":{"start":{"line":242,"column":4},"end":{"line":244,"column":4}}},"20":{"name":"_isApprovedOrOwner","line":253,"loc":{"start":{"line":253,"column":4},"end":{"line":256,"column":4}}},"21":{"name":"_safeMint","line":268,"loc":{"start":{"line":268,"column":4},"end":{"line":270,"column":4}}},"22":{"name":"_safeMint","line":276,"loc":{"start":{"line":276,"column":4},"end":{"line":279,"column":4}}},"23":{"name":"_mint","line":293,"loc":{"start":{"line":293,"column":4},"end":{"line":315,"column":4}}},"24":{"name":"_burn","line":328,"loc":{"start":{"line":328,"column":4},"end":{"line":349,"column":4}}},"25":{"name":"_transfer","line":362,"loc":{"start":{"line":362,"column":4},"end":{"line":388,"column":4}}},"26":{"name":"_approve","line":395,"loc":{"start":{"line":395,"column":4},"end":{"line":398,"column":4}}},"27":{"name":"_setApprovalForAll","line":405,"loc":{"start":{"line":405,"column":4},"end":{"line":409,"column":4}}},"28":{"name":"_requireMinted","line":414,"loc":{"start":{"line":414,"column":4},"end":{"line":416,"column":4}}},"29":{"name":"_checkOnERC721Received","line":428,"loc":{"start":{"line":428,"column":4},"end":{"line":445,"column":4}}},"30":{"name":"_beforeTokenTransfer","line":461,"loc":{"start":{"line":461,"column":4},"end":{"line":461,"column":119}}},"31":{"name":"_afterTokenTransfer","line":477,"loc":{"start":{"line":477,"column":4},"end":{"line":477,"column":118}}},"32":{"name":"__unsafe_increaseBalance","line":487,"loc":{"start":{"line":487,"column":4},"end":{"line":489,"column":4}}}},"statementMap":{"1":{"start":{"line":61,"column":8},"end":{"line":61,"column":2083}},"2":{"start":{"line":71,"column":8},"end":{"line":71,"column":80}},"3":{"start":{"line":72,"column":8},"end":{"line":72,"column":31}},"4":{"start":{"line":79,"column":8},"end":{"line":79,"column":41}},"5":{"start":{"line":80,"column":8},"end":{"line":80,"column":63}},"6":{"start":{"line":81,"column":8},"end":{"line":81,"column":20}},"7":{"start":{"line":88,"column":8},"end":{"line":88,"column":20}},"8":{"start":{"line":95,"column":8},"end":{"line":95,"column":22}},"9":{"start":{"line":102,"column":8},"end":{"line":102,"column":30}},"10":{"start":{"line":104,"column":8},"end":{"line":104,"column":42}},"11":{"start":{"line":105,"column":8},"end":{"line":105,"column":101}},"12":{"start":{"line":114,"column":8},"end":{"line":114,"column":17}},"13":{"start":{"line":121,"column":8},"end":{"line":121,"column":47}},"14":{"start":{"line":122,"column":8},"end":{"line":122,"column":64}},"15":{"start":{"line":124,"column":8},"end":{"line":124,"column":4020}},"16":{"start":{"line":129,"column":8},"end":{"line":129,"column":28}},"17":{"start":{"line":136,"column":8},"end":{"line":136,"column":30}},"18":{"start":{"line":138,"column":8},"end":{"line":138,"column":39}},"19":{"start":{"line":145,"column":8},"end":{"line":145,"column":86}},"20":{"start":{"line":146,"column":8},"end":{"line":146,"column":59}},"21":{"start":{"line":153,"column":8},"end":{"line":153,"column":50}},"22":{"start":{"line":161,"column":8},"end":{"line":161,"column":106}},"23":{"start":{"line":163,"column":8},"end":{"line":163,"column":35}},"24":{"start":{"line":170,"column":8},"end":{"line":170,"column":46}},"25":{"start":{"line":177,"column":8},"end":{"line":177,"column":106}},"26":{"start":{"line":178,"column":8},"end":{"line":178,"column":45}},"27":{"start":{"line":201,"column":8},"end":{"line":201,"column":43}},"28":{"start":{"line":223,"column":8},"end":{"line":223,"column":35}},"29":{"start":{"line":224,"column":8},"end":{"line":224,"column":117}},"30":{"start":{"line":231,"column":8},"end":{"line":231,"column":31}},"31":{"start":{"line":243,"column":8},"end":{"line":243,"column":46}},"32":{"start":{"line":254,"column":8},"end":{"line":254,"column":47}},"33":{"start":{"line":255,"column":8},"end":{"line":255,"column":104}},"34":{"start":{"line":269,"column":8},"end":{"line":269,"column":33}},"35":{"start":{"line":277,"column":8},"end":{"line":277,"column":25}},"36":{"start":{"line":278,"column":8},"end":{"line":278,"column":123}},"37":{"start":{"line":294,"column":8},"end":{"line":294,"column":68}},"38":{"start":{"line":295,"column":8},"end":{"line":295,"column":65}},"39":{"start":{"line":297,"column":8},"end":{"line":297,"column":55}},"40":{"start":{"line":300,"column":8},"end":{"line":300,"column":65}},"41":{"start":{"line":312,"column":8},"end":{"line":312,"column":46}},"42":{"start":{"line":314,"column":8},"end":{"line":314,"column":54}},"43":{"start":{"line":329,"column":8},"end":{"line":329,"column":47}},"44":{"start":{"line":331,"column":8},"end":{"line":331,"column":58}},"45":{"start":{"line":346,"column":8},"end":{"line":346,"column":49}},"46":{"start":{"line":348,"column":8},"end":{"line":348,"column":57}},"47":{"start":{"line":363,"column":8},"end":{"line":363,"column":88}},"48":{"start":{"line":364,"column":8},"end":{"line":364,"column":72}},"49":{"start":{"line":366,"column":8},"end":{"line":366,"column":49}},"50":{"start":{"line":369,"column":8},"end":{"line":369,"column":88}},"51":{"start":{"line":385,"column":8},"end":{"line":385,"column":40}},"52":{"start":{"line":387,"column":8},"end":{"line":387,"column":48}},"53":{"start":{"line":397,"column":8},"end":{"line":397,"column":59}},"54":{"start":{"line":406,"column":8},"end":{"line":406,"column":62}},"55":{"start":{"line":408,"column":8},"end":{"line":408,"column":54}},"56":{"start":{"line":415,"column":8},"end":{"line":415,"column":60}},"57":{"start":{"line":429,"column":8},"end":{"line":429,"column":15523}},"58":{"start":{"line":430,"column":12},"end":{"line":430,"column":15562}},"59":{"start":{"line":431,"column":16},"end":{"line":431,"column":74}},"60":{"start":{"line":433,"column":16},"end":{"line":433,"column":15804}},"61":{"start":{"line":434,"column":20},"end":{"line":434,"column":79}},"62":{"start":{"line":443,"column":12},"end":{"line":443,"column":23}}},"branchMap":{"1":{"line":62,"type":"cond-expr","locations":[{"start":{"line":62,"column":12},"end":{"line":62,"column":51}},{"start":{"line":63,"column":12},"end":{"line":63,"column":59}}]},"2":{"line":62,"type":"cond-expr","locations":[{"start":{"line":62,"column":12},"end":{"line":63,"column":59}},{"start":{"line":64,"column":12},"end":{"line":64,"column":47}}]},"3":{"line":71,"type":"if","locations":[{"start":{"line":71,"column":8},"end":{"line":71,"column":8}},{"start":{"line":71,"column":8},"end":{"line":71,"column":8}}]},"4":{"line":80,"type":"if","locations":[{"start":{"line":80,"column":8},"end":{"line":80,"column":8}},{"start":{"line":80,"column":8},"end":{"line":80,"column":8}}]},"5":{"line":105,"type":"if","locations":[{"start":{"line":105,"column":43},"end":{"line":105,"column":95}},{"start":{"line":105,"column":99},"end":{"line":105,"column":100}}]},"6":{"line":122,"type":"if","locations":[{"start":{"line":122,"column":8},"end":{"line":122,"column":8}},{"start":{"line":122,"column":8},"end":{"line":122,"column":8}}]},"7":{"line":124,"type":"if","locations":[{"start":{"line":124,"column":8},"end":{"line":124,"column":8}},{"start":{"line":124,"column":8},"end":{"line":124,"column":8}}]},"8":{"line":125,"type":"cond-expr","locations":[{"start":{"line":125,"column":12},"end":{"line":125,"column":32}},{"start":{"line":125,"column":37},"end":{"line":125,"column":73}}]},"9":{"line":145,"type":"if","locations":[{"start":{"line":145,"column":8},"end":{"line":145,"column":8}},{"start":{"line":145,"column":8},"end":{"line":145,"column":8}}]},"10":{"line":161,"type":"if","locations":[{"start":{"line":161,"column":8},"end":{"line":161,"column":8}},{"start":{"line":161,"column":8},"end":{"line":161,"column":8}}]},"11":{"line":177,"type":"if","locations":[{"start":{"line":177,"column":8},"end":{"line":177,"column":8}},{"start":{"line":177,"column":8},"end":{"line":177,"column":8}}]},"12":{"line":224,"type":"if","locations":[{"start":{"line":224,"column":8},"end":{"line":224,"column":8}},{"start":{"line":224,"column":8},"end":{"line":224,"column":8}}]},"13":{"line":255,"type":"cond-expr","locations":[{"start":{"line":255,"column":16},"end":{"line":255,"column":31}},{"start":{"line":255,"column":36},"end":{"line":255,"column":67}}]},"14":{"line":255,"type":"cond-expr","locations":[{"start":{"line":255,"column":16},"end":{"line":255,"column":67}},{"start":{"line":255,"column":72},"end":{"line":255,"column":102}}]},"15":{"line":278,"type":"if","locations":[{"start":{"line":278,"column":8},"end":{"line":278,"column":8}},{"start":{"line":278,"column":8},"end":{"line":278,"column":8}}]},"16":{"line":294,"type":"if","locations":[{"start":{"line":294,"column":8},"end":{"line":294,"column":8}},{"start":{"line":294,"column":8},"end":{"line":294,"column":8}}]},"17":{"line":295,"type":"if","locations":[{"start":{"line":295,"column":8},"end":{"line":295,"column":8}},{"start":{"line":295,"column":8},"end":{"line":295,"column":8}}]},"18":{"line":300,"type":"if","locations":[{"start":{"line":300,"column":8},"end":{"line":300,"column":8}},{"start":{"line":300,"column":8},"end":{"line":300,"column":8}}]},"19":{"line":363,"type":"if","locations":[{"start":{"line":363,"column":8},"end":{"line":363,"column":8}},{"start":{"line":363,"column":8},"end":{"line":363,"column":8}}]},"20":{"line":364,"type":"if","locations":[{"start":{"line":364,"column":8},"end":{"line":364,"column":8}},{"start":{"line":364,"column":8},"end":{"line":364,"column":8}}]},"21":{"line":369,"type":"if","locations":[{"start":{"line":369,"column":8},"end":{"line":369,"column":8}},{"start":{"line":369,"column":8},"end":{"line":369,"column":8}}]},"22":{"line":406,"type":"if","locations":[{"start":{"line":406,"column":8},"end":{"line":406,"column":8}},{"start":{"line":406,"column":8},"end":{"line":406,"column":8}}]},"23":{"line":415,"type":"if","locations":[{"start":{"line":415,"column":8},"end":{"line":415,"column":8}},{"start":{"line":415,"column":8},"end":{"line":415,"column":8}}]},"24":{"line":429,"type":"if","locations":[{"start":{"line":429,"column":8},"end":{"line":429,"column":8}},{"start":{"line":429,"column":8},"end":{"line":429,"column":8}}]},"25":{"line":433,"type":"if","locations":[{"start":{"line":433,"column":16},"end":{"line":433,"column":16}},{"start":{"line":433,"column":16},"end":{"line":433,"column":16}}]}}},"contracts/forks/mocks/CallReceiverMock.sol":{"l":{},"path":"/Users/brieyla/Desktop/etched/etched/sol/contracts/forks/mocks/CallReceiverMock.sol","s":{},"b":{},"f":{},"fnMap":{},"statementMap":{},"branchMap":{}},"contracts/forks/mocks/ERC712ReceiverMock.sol":{"l":{"23":145,"24":145,"28":120,"29":6,"31":6,"33":6,"35":6,"36":0,"39":96,"40":96},"path":"/Users/brieyla/Desktop/etched/etched/sol/contracts/forks/mocks/ERC712ReceiverMock.sol","s":{"1":120,"2":6,"3":114,"4":6,"5":108,"6":102,"7":6,"8":96,"9":96},"b":{"1":[6,114],"2":[6,108],"3":[6,102],"4":[6,96]},"f":{"1":145,"2":120},"fnMap":{"1":{"name":"constructor","line":22,"loc":{"start":{"line":22,"column":4},"end":{"line":25,"column":4}}},"2":{"name":"onERC721Received","line":27,"loc":{"start":{"line":27,"column":4},"end":{"line":41,"column":4}}}},"statementMap":{"1":{"start":{"line":28,"column":8},"end":{"line":28,"column":799}},"2":{"start":{"line":29,"column":12},"end":{"line":29,"column":19}},"3":{"start":{"line":30,"column":15},"end":{"line":30,"column":885}},"4":{"start":{"line":31,"column":12},"end":{"line":31,"column":50}},"5":{"start":{"line":32,"column":15},"end":{"line":32,"column":999}},"6":{"start":{"line":34,"column":15},"end":{"line":34,"column":1105}},"7":{"start":{"line":35,"column":12},"end":{"line":35,"column":47}},"8":{"start":{"line":39,"column":8},"end":{"line":39,"column":63}},"9":{"start":{"line":40,"column":8},"end":{"line":40,"column":22}}},"branchMap":{"1":{"line":28,"type":"if","locations":[{"start":{"line":28,"column":8},"end":{"line":28,"column":8}},{"start":{"line":28,"column":8},"end":{"line":28,"column":8}}]},"2":{"line":30,"type":"if","locations":[{"start":{"line":30,"column":15},"end":{"line":30,"column":15}},{"start":{"line":30,"column":15},"end":{"line":30,"column":15}}]},"3":{"line":32,"type":"if","locations":[{"start":{"line":32,"column":15},"end":{"line":32,"column":15}},{"start":{"line":32,"column":15},"end":{"line":32,"column":15}}]},"4":{"line":34,"type":"if","locations":[{"start":{"line":34,"column":15},"end":{"line":34,"column":15}},{"start":{"line":34,"column":15},"end":{"line":34,"column":15}}]}}},"contracts/forks/Ownable.sol":{"l":{"32":16,"39":9,"40":5,"47":13,"54":9,"65":2,"73":3,"77":1,"85":20,"86":20,"87":20},"path":"/Users/brieyla/Desktop/etched/etched/sol/contracts/forks/Ownable.sol","s":{"1":16,"2":9,"3":13,"4":9,"5":2,"6":3,"7":1,"8":20,"9":20},"b":{"1":[5,4],"2":[2,2],"3":[3,2],"4":[1,2]},"f":{"1":16,"2":9,"3":13,"4":9,"5":2,"6":3,"7":20},"fnMap":{"1":{"name":"constructor","line":31,"loc":{"start":{"line":31,"column":4},"end":{"line":33,"column":4}}},"2":{"name":"onlyOwner","line":38,"loc":{"start":{"line":38,"column":4},"end":{"line":41,"column":4}}},"3":{"name":"owner","line":46,"loc":{"start":{"line":46,"column":4},"end":{"line":48,"column":4}}},"4":{"name":"_checkOwner","line":53,"loc":{"start":{"line":53,"column":4},"end":{"line":55,"column":4}}},"5":{"name":"renounceOwnership","line":64,"loc":{"start":{"line":64,"column":4},"end":{"line":66,"column":4}}},"6":{"name":"transferOwnership","line":72,"loc":{"start":{"line":72,"column":4},"end":{"line":78,"column":4}}},"7":{"name":"_transferOwnership","line":84,"loc":{"start":{"line":84,"column":4},"end":{"line":88,"column":4}}}},"statementMap":{"1":{"start":{"line":32,"column":8},"end":{"line":32,"column":39}},"2":{"start":{"line":39,"column":8},"end":{"line":39,"column":20}},"3":{"start":{"line":47,"column":8},"end":{"line":47,"column":21}},"4":{"start":{"line":54,"column":8},"end":{"line":54,"column":75}},"5":{"start":{"line":65,"column":8},"end":{"line":65,"column":37}},"6":{"start":{"line":73,"column":8},"end":{"line":73,"column":2178}},"7":{"start":{"line":77,"column":8},"end":{"line":77,"column":35}},"8":{"start":{"line":85,"column":8},"end":{"line":85,"column":33}},"9":{"start":{"line":87,"column":8},"end":{"line":87,"column":53}}},"branchMap":{"1":{"line":54,"type":"if","locations":[{"start":{"line":54,"column":8},"end":{"line":54,"column":8}},{"start":{"line":54,"column":8},"end":{"line":54,"column":8}}]},"2":{"line":64,"type":"if","locations":[{"start":{"line":64,"column":48},"end":{"line":64,"column":48}},{"start":{"line":64,"column":48},"end":{"line":64,"column":48}}]},"3":{"line":72,"type":"if","locations":[{"start":{"line":72,"column":64},"end":{"line":72,"column":64}},{"start":{"line":72,"column":64},"end":{"line":72,"column":64}}]},"4":{"line":73,"type":"if","locations":[{"start":{"line":73,"column":8},"end":{"line":73,"column":8}},{"start":{"line":73,"column":8},"end":{"line":73,"column":8}}]}}},"contracts/IEtches.sol":{"l":{},"path":"/Users/brieyla/Desktop/etched/etched/sol/contracts/IEtches.sol","s":{},"b":{},"f":{"1":0,"2":0,"3":0,"4":0,"5":0,"6":0,"7":0,"8":0,"9":0},"fnMap":{"1":{"name":"setIndividualPermissions","line":38,"loc":{"start":{"line":38,"column":4},"end":{"line":38,"column":122}}},"2":{"name":"setTeamPermissions","line":40,"loc":{"start":{"line":40,"column":4},"end":{"line":40,"column":113}}},"3":{"name":"safeMint","line":43,"loc":{"start":{"line":43,"column":4},"end":{"line":43,"column":107}}},"4":{"name":"commentOnEtch","line":45,"loc":{"start":{"line":45,"column":4},"end":{"line":45,"column":92}}},"5":{"name":"transferToTeam","line":47,"loc":{"start":{"line":47,"column":4},"end":{"line":47,"column":79}}},"6":{"name":"safeMintForTeam","line":50,"loc":{"start":{"line":50,"column":4},"end":{"line":50,"column":118}}},"7":{"name":"hasReadPermission","line":52,"loc":{"start":{"line":52,"column":4},"end":{"line":52,"column":101}}},"8":{"name":"hasWritePermission","line":54,"loc":{"start":{"line":54,"column":4},"end":{"line":54,"column":102}}},"9":{"name":"getTotalSupply","line":56,"loc":{"start":{"line":56,"column":4},"end":{"line":56,"column":71}}}},"statementMap":{},"branchMap":{}},"contracts/IOrganisation.sol":{"l":{},"path":"/Users/brieyla/Desktop/etched/etched/sol/contracts/IOrganisation.sol","s":{},"b":{},"f":{},"fnMap":{},"statementMap":{},"branchMap":{}},"contracts/ITeams.sol":{"l":{},"path":"/Users/brieyla/Desktop/etched/etched/sol/contracts/ITeams.sol","s":{},"b":{},"f":{},"fnMap":{},"statementMap":{},"branchMap":{}}}