TN:
SF:/Users/brieyla/Desktop/etched/etched/sol/contracts/CEtches.sol
FN:42,constructor
FN:51,safeMint
FN:76,commentOnEtch
FN:94,transferToTeam
FN:112,safeMintForTeam
FN:135,hasReadPermission
FN:148,setIndividualPermissions
FN:164,_setIndividualPermissions
FN:178,setTeamPermissions
FN:190,_setTeamPermissions
FN:209,hasWritePermission
FN:218,getTotalSupply
FN:229,_ownerOf
FN:247,_checkPermssion
FNF:14
FNH:9
FNDA:3,constructor
FNDA:4,safeMint
FNDA:0,commentOnEtch
FNDA:4,transferToTeam
FNDA:6,safeMintForTeam
FNDA:4,hasReadPermission
FNDA:0,setIndividualPermissions
FNDA:0,_setIndividualPermissions
FNDA:0,setTeamPermissions
FNDA:5,_setTeamPermissions
FNDA:1,hasWritePermission
FNDA:0,getTotalSupply
FNDA:32,_ownerOf
FNDA:5,_checkPermssion
DA:43,3
DA:52,4
DA:53,4
DA:55,4
DA:57,4
DA:65,4
DA:77,0
DA:79,0
DA:81,0
DA:83,0
DA:95,4
DA:96,4
DA:98,1
DA:99,1
DA:100,1
DA:102,1
DA:114,6
DA:119,3
DA:120,3
DA:122,3
DA:123,3
DA:124,3
DA:136,4
DA:153,0
DA:154,0
DA:165,0
DA:166,0
DA:179,0
DA:180,0
DA:191,5
DA:192,1
DA:194,4
DA:195,4
DA:196,4
DA:198,5
DA:210,1
DA:219,0
DA:230,32
DA:234,32
DA:252,5
DA:259,2
DA:260,2
DA:261,2
DA:266,2
LF:44
LH:33
BRDA:77,1,0,0
BRDA:77,1,1,0
BRDA:95,2,0,4
BRDA:95,2,1,0
BRDA:98,3,0,1
BRDA:98,3,1,0
BRDA:114,4,0,3
BRDA:114,4,1,3
BRDA:153,5,0,0
BRDA:153,5,1,0
BRDA:179,6,0,0
BRDA:179,6,1,0
BRDA:191,7,0,1
BRDA:191,7,1,4
BRDA:194,8,0,4
BRDA:194,8,1,0
BRDA:234,9,0,23
BRDA:234,9,1,9
BRDA:252,10,0,3
BRDA:252,10,1,2
BRDA:253,11,0,0
BRDA:253,11,1,0
BRDA:253,12,0,0
BRDA:253,12,1,3
BRDA:261,13,0,0
BRDA:261,13,1,2
BRF:26
BRH:13
end_of_record
TN:
SF:/Users/brieyla/Desktop/etched/etched/sol/contracts/CNodeHandler.sol
FN:13,constructor
FN:20,getParent
FN:31,isNode
FN:39,onlyNodes
FN:50,delegateCallsToSelf
FN:68,_delegateCallsToSelf
FN:80,addNode
FNF:7
FNH:1
FNDA:9,constructor
FNDA:0,getParent
FNDA:0,isNode
FNDA:0,onlyNodes
FNDA:0,delegateCallsToSelf
FNDA:0,_delegateCallsToSelf
FNDA:0,addNode
DA:14,9
DA:21,0
DA:32,0
DA:40,0
DA:41,0
DA:51,0
DA:54,0
DA:57,0
DA:60,0
DA:69,0
DA:70,0
DA:71,0
DA:81,0
LF:13
LH:1
BRDA:32,1,0,0
BRDA:32,1,1,0
BRDA:40,2,0,0
BRDA:40,2,1,0
BRDA:50,3,0,0
BRDA:50,3,1,0
BRDA:54,4,0,0
BRDA:54,4,1,0
BRDA:54,5,0,0
BRDA:54,5,1,0
BRDA:57,6,0,0
BRDA:57,6,1,0
BRDA:57,7,0,0
BRDA:57,7,1,0
BRDA:68,8,0,0
BRDA:68,8,1,0
BRDA:71,9,0,0
BRDA:71,9,1,0
BRDA:80,10,0,0
BRDA:80,10,1,0
BRF:20
BRH:0
end_of_record
TN:
SF:/Users/brieyla/Desktop/etched/etched/sol/contracts/COrganisation.sol
FN:23,constructor
FN:32,createOrganisation
FN:51,isAdmin
FN:64,isMember
FN:78,setPermission
FN:90,getNumberOfOrganisationsCreated
FN:101,_ownerOf
FN:110,onERC721Received
FNF:8
FNH:6
FNDA:3,constructor
FNDA:1,createOrganisation
FNDA:9,isAdmin
FNDA:1,isMember
FNDA:3,setPermission
FNDA:0,getNumberOfOrganisationsCreated
FNDA:39,_ownerOf
FNDA:0,onERC721Received
DA:33,1
DA:34,1
DA:36,1
DA:38,1
DA:40,1
DA:52,9
DA:53,6
DA:65,1
DA:66,1
DA:79,3
DA:80,2
DA:82,2
DA:91,0
DA:102,39
DA:103,39
DA:111,0
LF:16
LH:14
BRDA:52,1,0,1
BRDA:52,1,1,6
BRDA:65,2,0,0
BRDA:65,2,1,1
BRDA:79,3,0,2
BRDA:79,3,1,1
BRF:6
BRH:5
end_of_record
TN:
SF:/Users/brieyla/Desktop/etched/etched/sol/contracts/CSignatureVerifier.sol
FN:25,getMessageHash
FN:29,getEthSignedMessageHash
FN:33,_checkSignature
FN:49,verifySignature
FN:54,checkMessageValidity
FNF:5
FNH:0
FNDA:0,getMessageHash
FNDA:0,getEthSignedMessageHash
FNDA:0,_checkSignature
FNDA:0,verifySignature
FNDA:0,checkMessageValidity
DA:26,0
DA:30,0
DA:34,0
DA:39,0
DA:40,0
DA:41,0
DA:43,0
DA:44,0
DA:46,0
DA:50,0
DA:51,0
DA:55,0
DA:56,0
DA:57,0
LF:14
LH:0
BRDA:34,1,0,0
BRDA:34,1,1,0
BRDA:41,2,0,0
BRDA:41,2,1,0
BRDA:55,3,0,0
BRDA:55,3,1,0
BRDA:56,4,0,0
BRDA:56,4,1,0
BRF:8
BRH:0
end_of_record
TN:
SF:/Users/brieyla/Desktop/etched/etched/sol/contracts/CTeams.sol
FN:30,constructor
FN:41,createTeam
FN:52,transferToOrganisation
FN:69,setPermission
FN:84,hasPermission
FN:98,getNumberOfTeamsCreated
FN:109,_ownerOf
FN:120,onERC721Received
FN:124,onlyAdmin
FNF:9
FNH:9
FNDA:3,constructor
FNDA:4,createTeam
FNDA:1,transferToOrganisation
FNDA:4,setPermission
FNDA:15,hasPermission
FNDA:4,getNumberOfTeamsCreated
FNDA:76,_ownerOf
FNDA:3,onERC721Received
FNDA:7,onlyAdmin
DA:31,3
DA:42,4
DA:43,4
DA:45,4
DA:47,4
DA:49,4
DA:53,1
DA:54,1
DA:55,1
DA:57,1
DA:70,4
DA:72,4
DA:89,15
DA:99,4
DA:110,76
DA:112,76
DA:113,60
DA:121,3
DA:125,7
DA:129,4
LF:20
LH:20
BRDA:53,1,0,1
BRDA:53,1,1,0
BRDA:69,2,0,4
BRDA:69,2,1,3
BRDA:89,3,0,2
BRDA:89,3,1,12
BRDA:112,4,0,16
BRDA:112,4,1,60
BRDA:125,5,0,4
BRDA:125,5,1,3
BRDA:126,6,0,2
BRDA:126,6,1,2
BRF:12
BRH:11
end_of_record
TN:
SF:/Users/brieyla/Desktop/etched/etched/sol/contracts/forks/Context.sol
FN:19,constructor
FN:23,_msgSender
FN:28,_msgData
FN:32,_setContext
FN:36,withContext
FNF:5
FNH:3
FNDA:9,constructor
FNDA:53,_msgSender
FNDA:0,_msgData
FNDA:9,_setContext
FNDA:0,withContext
DA:20,9
DA:24,53
DA:29,0
DA:33,9
DA:37,0
DA:41,0
DA:46,0
DA:47,0
DA:48,0
LF:9
LH:3
BRDA:25,1,0,53
BRDA:25,1,1,0
BRDA:37,2,0,0
BRDA:37,2,1,0
BRDA:41,3,0,0
BRDA:41,3,1,0
BRF:6
BRH:1
end_of_record
TN:
SF:/Users/brieyla/Desktop/etched/etched/sol/contracts/forks/ERC721.sol
FN:52,constructor
FN:60,supportsInterface
FN:72,balanceOf
FN:85,ownerOf
FN:96,name
FN:103,symbol
FN:110,tokenURI
FN:127,_baseURI
FN:134,approve
FN:149,getApproved
FN:160,setApprovalForAll
FN:170,isApprovedForAll
FN:180,transferFrom
FN:197,safeTransferFrom
FN:208,safeTransferFrom
FN:239,_safeTransfer
FN:255,_ownerOf
FN:267,_exists
FN:278,_isApprovedOrOwner
FN:298,_safeMint
FN:306,_safeMint
FN:330,_mint
FN:365,_burn
FN:399,_transfer
FN:442,_approve
FN:452,_setApprovalForAll
FN:465,_requireMinted
FN:479,_checkOnERC721Received
FN:526,_beforeTokenTransfer
FN:547,_afterTokenTransfer
FN:562,__unsafe_increaseBalance
FNF:31
FNH:18
FNDA:9,constructor
FNDA:0,supportsInterface
FNDA:0,balanceOf
FNDA:127,ownerOf
FNDA:0,name
FNDA:0,symbol
FNDA:0,tokenURI
FNDA:0,_baseURI
FNDA:0,approve
FNDA:2,getApproved
FNDA:0,setApprovalForAll
FNDA:2,isApprovedForAll
FNDA:2,transferFrom
FNDA:4,safeTransferFrom
FNDA:4,safeTransferFrom
FNDA:4,_safeTransfer
FNDA:0,_ownerOf
FNDA:20,_exists
FNDA:6,_isApprovedOrOwner
FNDA:5,_safeMint
FNDA:9,_safeMint
FNDA:9,_mint
FNDA:0,_burn
FNDA:9,_transfer
FNDA:0,_approve
FNDA:0,_setApprovalForAll
FNDA:2,_requireMinted
FNDA:13,_checkOnERC721Received
FNDA:15,_beforeTokenTransfer
FNDA:15,_afterTokenTransfer
FNDA:0,__unsafe_increaseBalance
DA:53,9
DA:54,9
DA:63,0
DA:75,0
DA:79,0
DA:88,127
DA:89,127
DA:90,123
DA:97,0
DA:104,0
DA:113,0
DA:115,0
DA:116,0
DA:128,0
DA:135,0
DA:136,0
DA:138,0
DA:143,0
DA:152,2
DA:154,2
DA:164,0
DA:174,2
DA:186,2
DA:191,0
DA:202,4
DA:214,4
DA:218,4
DA:245,4
DA:246,4
DA:256,0
DA:268,20
DA:282,6
DA:283,6
DA:299,5
DA:311,9
DA:312,9
DA:331,9
DA:332,9
DA:334,9
DA:337,9
DA:339,9
DA:344,9
DA:347,9
DA:349,9
DA:351,9
DA:366,0
DA:368,0
DA:371,0
DA:374,0
DA:376,0
DA:379,0
DA:381,0
DA:383,0
DA:385,0
DA:404,9
DA:408,6
DA:410,6
DA:413,6
DA:419,6
DA:421,6
DA:427,6
DA:428,6
DA:430,6
DA:432,6
DA:434,6
DA:443,0
DA:444,0
DA:457,0
DA:458,0
DA:459,0
DA:466,2
DA:485,13
DA:486,3
DA:494,3
DA:496,0
DA:497,0
DA:502,0
DA:508,10
DA:566,0
LF:79
LH:45
BRDA:64,1,0,0
BRDA:64,1,1,0
BRDA:64,2,0,0
BRDA:64,2,1,0
BRDA:75,3,0,0
BRDA:75,3,1,0
BRDA:89,4,0,123
BRDA:89,4,1,4
BRDA:118,5,0,0
BRDA:118,5,1,0
BRDA:136,6,0,0
BRDA:136,6,1,0
BRDA:138,7,0,0
BRDA:138,7,1,0
BRDA:139,8,0,0
BRDA:139,8,1,0
BRDA:186,9,0,0
BRDA:186,9,1,2
BRDA:214,10,0,4
BRDA:214,10,1,0
BRDA:246,11,0,4
BRDA:246,11,1,0
BRDA:283,12,0,4
BRDA:283,12,1,0
BRDA:283,13,0,0
BRDA:283,13,1,0
BRDA:312,14,0,9
BRDA:312,14,1,0
BRDA:331,15,0,9
BRDA:331,15,1,0
BRDA:332,16,0,9
BRDA:332,16,1,0
BRDA:337,17,0,9
BRDA:337,17,1,0
BRDA:404,18,0,6
BRDA:404,18,1,3
BRDA:408,19,0,6
BRDA:408,19,1,0
BRDA:413,20,0,6
BRDA:413,20,1,0
BRDA:457,21,0,0
BRDA:457,21,1,0
BRDA:466,22,0,2
BRDA:466,22,1,0
BRDA:485,23,0,3
BRDA:485,23,1,10
BRDA:496,24,0,0
BRDA:496,24,1,0
BRF:48
BRH:17
end_of_record
TN:
SF:/Users/brieyla/Desktop/etched/etched/sol/contracts/forks/Ownable.sol
FN:31,constructor
FN:38,onlyOwner
FN:46,owner
FN:53,_checkOwner
FN:64,renounceOwnership
FN:72,transferOwnership
FN:84,_transferOwnership
FNF:7
FNH:2
FNDA:9,constructor
FNDA:0,onlyOwner
FNDA:0,owner
FNDA:0,_checkOwner
FNDA:0,renounceOwnership
FNDA:0,transferOwnership
FNDA:9,_transferOwnership
DA:32,9
DA:39,0
DA:40,0
DA:47,0
DA:54,0
DA:65,0
DA:73,0
DA:77,0
DA:85,9
DA:86,9
DA:87,9
LF:11
LH:4
BRDA:54,1,0,0
BRDA:54,1,1,0
BRDA:64,2,0,0
BRDA:64,2,1,0
BRDA:72,3,0,0
BRDA:72,3,1,0
BRDA:73,4,0,0
BRDA:73,4,1,0
BRF:8
BRH:0
end_of_record
TN:
SF:/Users/brieyla/Desktop/etched/etched/sol/contracts/IEtches.sol
FN:38,setIndividualPermissions
FN:40,setTeamPermissions
FN:43,safeMint
FN:45,commentOnEtch
FN:47,transferToTeam
FN:50,safeMintForTeam
FN:52,hasReadPermission
FN:54,hasWritePermission
FN:56,getTotalSupply
FNF:9
FNH:0
FNDA:0,setIndividualPermissions
FNDA:0,setTeamPermissions
FNDA:0,safeMint
FNDA:0,commentOnEtch
FNDA:0,transferToTeam
FNDA:0,safeMintForTeam
FNDA:0,hasReadPermission
FNDA:0,hasWritePermission
FNDA:0,getTotalSupply
LF:0
LH:0
BRF:0
BRH:0
end_of_record
TN:
SF:/Users/brieyla/Desktop/etched/etched/sol/contracts/IOrganisation.sol
FNF:0
FNH:0
LF:0
LH:0
BRF:0
BRH:0
end_of_record
TN:
SF:/Users/brieyla/Desktop/etched/etched/sol/contracts/ITeams.sol
FNF:0
FNH:0
LF:0
LH:0
BRF:0
BRH:0
end_of_record
